#
# A fatal error has been detected by the Java Runtime Environment:
#
#  EXCEPTION_ACCESS_VIOLATION (0xc0000005) at pc=0x00007ffae968402b, pid=13456, tid=10444
#
# JRE version: Java(TM) SE Runtime Environment (17.0.1+12) (build 17.0.1+12-LTS-39)
# Java VM: Java HotSpot(TM) 64-Bit Server VM (17.0.1+12-LTS-39, mixed mode, sharing, tiered, compressed oops, compressed class ptrs, g1 gc, windows-amd64)
# Problematic frame:
# C  [atio6axx.dll+0x16c402b]
#
# No core dump will be written. Minidumps are not enabled by default on client versions of Windows
#
# If you would like to submit a bug report, please visit:
#   https://bugreport.java.com/bugreport/crash.jsp
# The crash happened outside the Java Virtual Machine in native code.
# See problematic frame for where to report the bug.
#

---------------  S U M M A R Y ------------

Command Line: -agentlib:jdwp=transport=dt_socket,server=n,suspend=y,address=localhost:49397 -XX:+ShowCodeDetailsInExceptionMessages ie.tudublin.Main

Host: AMD Ryzen 5 4600H with Radeon Graphics         , 12 cores, 7G,  Windows 10 , 64 bit Build 19041 (10.0.19041.1645)
Time: Tue May  3 22:06:56 2022 GMT Summer Time elapsed time: 21.200043 seconds (0d 0h 0m 21s)

---------------  T H R E A D  ---------------

Current thread (0x000001ae36f331d0):  JavaThread "main-FPSAWTAnimator#00-Timer0-FPSAWTAnimator#00-Timer1" [_thread_in_native, id=10444, stack(0x00000052e5300000,0x00000052e5400000)]

Stack: [0x00000052e5300000,0x00000052e5400000],  sp=0x00000052e53fd2f0,  free space=1012k
Native frames: (J=compiled Java code, j=interpreted, Vv=VM code, C=native code)
C  [atio6axx.dll+0x16c402b]

Java frames: (J=compiled Java code, j=interpreted, Vv=VM code)
j  jogamp.nativewindow.windows.GDI.SwapBuffers(J)Z+0
j  jogamp.opengl.windows.wgl.WGLUtil.SwapBuffers(J)Z+12
j  jogamp.opengl.windows.wgl.WindowsWGLDrawable.swapBuffersImpl(Z)V+23
j  jogamp.opengl.GLDrawableImpl.swapBuffers()V+67
j  jogamp.opengl.GLDrawableHelper.invokeGLImpl(Lcom/jogamp/opengl/GLDrawable;Lcom/jogamp/opengl/GLContext;Ljava/lang/Runnable;Ljava/lang/Runnable;)V+216
j  jogamp.opengl.GLDrawableHelper.invokeGL(Lcom/jogamp/opengl/GLDrawable;Lcom/jogamp/opengl/GLContext;Ljava/lang/Runnable;Ljava/lang/Runnable;)V+72
j  com.jogamp.newt.opengl.GLWindow.display()V+90
j  com.jogamp.opengl.util.AWTAnimatorImpl.display(Ljava/util/ArrayList;ZZ)V+68
j  com.jogamp.opengl.util.AnimatorBase.display()V+16
j  com.jogamp.opengl.util.FPSAnimator$MainTask.run()V+216
j  java.util.TimerThread.mainLoop()V+221 java.base@17.0.1
j  java.util.TimerThread.run()V+1 java.base@17.0.1
v  ~StubRoutines::call_stub

siginfo: EXCEPTION_ACCESS_VIOLATION (0xc0000005), reading address 0x0000000000000040


Register to memory mapping:

RIP=0x00007ffae968402b atio6axx.dll
RAX=0x000001aeedaad2a8 points into unknown readable memory: 0x00007ffae965e420 | 20 e4 65 e9 fa 7f 00 00
RBX=0x0 is NULL
RCX=0x0 is NULL
RDX=0x0 is NULL
RSP=0x00000052e53fd2f0 is pointing into the stack for thread: 0x000001ae36f331d0
RBP=0x000001aeedaace00 points into unknown readable memory: 0x00007ffaea6c3f88 | 88 3f 6c ea fa 7f 00 00
RSI=0x000001aef9ecae60 points into unknown readable memory: 0x00007ffaea6c3e38 | 38 3e 6c ea fa 7f 00 00
RDI=0x0 is NULL
R8 =0x0 is NULL
R9 =0x0 is NULL
R10=0x00007ffaea6c73c8 atio6axx.dll
R11=0x0 is NULL
R12=0x0000000000000003 is an unknown value
R13=0x000001af09c97520 points into unknown readable memory: 0x00007ffaea6c73c8 | c8 73 6c ea fa 7f 00 00
R14=0x0 is NULL
R15=0x0 is NULL


Registers:
RAX=0x000001aeedaad2a8, RBX=0x0000000000000000, RCX=0x0000000000000000, RDX=0x0000000000000000
RSP=0x00000052e53fd2f0, RBP=0x000001aeedaace00, RSI=0x000001aef9ecae60, RDI=0x0000000000000000
R8 =0x0000000000000000, R9 =0x0000000000000000, R10=0x00007ffaea6c73c8, R11=0x0000000000000000
R12=0x0000000000000003, R13=0x000001af09c97520, R14=0x0000000000000000, R15=0x0000000000000000
RIP=0x00007ffae968402b, EFLAGS=0x0000000000010246

Top of Stack: (sp=0x00000052e53fd2f0)
0x00000052e53fd2f0:   0000000000000000 000001ae0f931c80
0x00000052e53fd300:   000000000000000c 000001ae0f930000
0x00000052e53fd310:   000001af09c97520 00007ffae9703c0e
0x00000052e53fd320:   0000000000000140 000001ae0f930cc0
0x00000052e53fd330:   000001ae025ddde0 0000000000000000
0x00000052e53fd340:   0000000000000000 0000000000000140
0x00000052e53fd350:   0000000000000130 0000000000000010
0x00000052e53fd360:   000001ae0f760000 00000052e53fd429
0x00000052e53fd370:   0000000000000014 00007ffb4dc1b3c7
0x00000052e53fd380:   000001ae0f930000 0000000000000000
0x00000052e53fd390:   0000000000000130 0000000000000000
0x00000052e53fd3a0:   0000000000000000 000001aef9ecae60
0x00000052e53fd3b0:   0000000000000000 00007ffae96b2f1e
0x00000052e53fd3c0:   000001af09c97520 00000052e53fd600
0x00000052e53fd3d0:   0000000000000000 0000000000000000
0x00000052e53fd3e0:   0000000000001001 00007ffae96b316b 

Instructions: (pc=0x00007ffae968402b)
0x00007ffae9683f2b:   00 ff ff ff ff 48 8b 87 60 05 00 00 c7 80 a4 11
0x00007ffae9683f3b:   00 00 ff ff ff ff 48 8b 87 60 05 00 00 c7 80 a8
0x00007ffae9683f4b:   11 00 00 ff ff ff ff 48 8b 87 60 05 00 00 c7 80
0x00007ffae9683f5b:   ac 11 00 00 ff ff ff ff 48 8b 87 60 05 00 00 4c
0x00007ffae9683f6b:   89 a8 b0 11 00 00 48 8b 87 60 05 00 00 4c 89 a8
0x00007ffae9683f7b:   b8 11 00 00 48 8b 87 60 05 00 00 c7 80 c0 11 00
0x00007ffae9683f8b:   00 ff ff ff ff 48 8b 87 60 05 00 00 c7 80 c4 11
0x00007ffae9683f9b:   00 00 ff ff ff ff 48 8b 87 60 05 00 00 44 89 a8
0x00007ffae9683fab:   cc 11 00 00 48 8b 87 60 05 00 00 44 89 a8 d0 11
0x00007ffae9683fbb:   00 00 48 8b 87 60 05 00 00 44 89 a8 e0 11 00 00
0x00007ffae9683fcb:   48 8b 87 60 05 00 00 c7 80 d4 11 00 00 fe ff ff
0x00007ffae9683fdb:   ff 48 8b 87 60 05 00 00 c7 80 d8 11 00 00 ff ff
0x00007ffae9683feb:   ff ff 48 8b 87 60 05 00 00 c7 80 dc 11 00 00 ff
0x00007ffae9683ffb:   ff ff ff 44 89 ab 50 01 00 00 48 8b 47 40 c6 80
0x00007ffae968400b:   44 01 00 00 00 48 83 c4 40 41 5d 5f 5b c3 cc cc
0x00007ffae968401b:   cc cc cc cc cc 40 53 48 83 ec 20 48 8b d9 33 d2
0x00007ffae968402b:   48 8b 49 40 48 8b 01 ff 50 18 48 8b 43 40 33 c9
0x00007ffae968403b:   c7 80 34 01 00 00 01 00 00 00 48 8b 83 48 04 00
0x00007ffae968404b:   00 48 89 8b 30 04 00 00 48 89 8b 38 04 00 00 48
0x00007ffae968405b:   89 8b 48 04 00 00 48 89 8b 40 04 00 00 48 83 c4
0x00007ffae968406b:   20 5b c3 cc cc 48 89 5c 24 18 55 56 41 56 48 83
0x00007ffae968407b:   ec 20 45 33 f6 41 c6 80 38 01 00 00 01 4d 89 b0
0x00007ffae968408b:   48 01 00 00 be ff ff ff ff 45 89 b0 50 01 00 00
0x00007ffae968409b:   4d 8b d9 45 88 b0 72 01 00 00 49 8b d8 4d 89 b0
0x00007ffae96840ab:   78 01 00 00 48 8b ea 4d 89 b0 80 01 00 00 41 c6
0x00007ffae96840bb:   80 44 01 00 00 01 4d 89 70 18 4d 89 70 28 49 89
0x00007ffae96840cb:   70 38 4d 89 70 50 4d 89 70 60 49 89 70 70 4d 89
0x00007ffae96840db:   b0 88 00 00 00 4d 89 b0 98 00 00 00 49 89 b0 a8
0x00007ffae96840eb:   00 00 00 4d 89 b0 c0 00 00 00 4d 89 b0 d0 00 00
0x00007ffae96840fb:   00 49 89 b0 e0 00 00 00 48 89 7c 24 40 41 8b fe
0x00007ffae968410b:   45 39 b1 80 00 00 00 0f 86 7f 00 00 00 4c 89 7c
0x00007ffae968411b:   24 48 41 bf 00 01 00 00 44 8b d7 4b 63 44 93 50 


Stack slot to memory mapping:
stack at sp + 0 slots: 0x0 is NULL
stack at sp + 1 slots: 0x000001ae0f931c80 points into unknown readable memory: 0x000001ae0f930cc0 | c0 0c 93 0f ae 01 00 00
stack at sp + 2 slots: 0x000000000000000c is an unknown value
stack at sp + 3 slots: 0x000001ae0f930000 points into unknown readable memory: 0x0000000000000000 | 00 00 00 00 00 00 00 00
stack at sp + 4 slots: 0x000001af09c97520 points into unknown readable memory: 0x00007ffaea6c73c8 | c8 73 6c ea fa 7f 00 00
stack at sp + 5 slots: 0x00007ffae9703c0e atio6axx.dll
stack at sp + 6 slots: 0x0000000000000140 is an unknown value
stack at sp + 7 slots: 0x000001ae0f930cc0 points into unknown readable memory: 0x0000000028180000 | 00 00 18 28 00 00 00 00


---------------  P R O C E S S  ---------------

Threads class SMR info:
_java_thread_list=0x000001ae50b6bff0, length=24, elements={
0x000001ae2f950f40, 0x000001ae2f951bb0, 0x000001ae2f968b00, 0x000001ae2f96a4c0,
0x000001ae2f96ae70, 0x000001ae2f96b820, 0x000001ae2f96c500, 0x000001ae2f96d500,
0x000001ae2f970c40, 0x000001ae304cc180, 0x000001ae304d1230, 0x000001ae304d4740,
0x000001ae304ddf10, 0x000001ae304e0870, 0x000001ae307c5210, 0x000001ae307e57a0,
0x000001ae317bb340, 0x000001ae3655fae0, 0x000001ae3a2c5480, 0x000001ae36f35fa0,
0x000001ae36f32d00, 0x000001ae36f331d0, 0x000001ae36f31020, 0x000001ae36f314f0
}

Java Threads: ( => current thread )
  0x000001ae2f950f40 JavaThread "Reference Handler" daemon [_thread_blocked, id=8644, stack(0x00000052e2900000,0x00000052e2a00000)]
  0x000001ae2f951bb0 JavaThread "Finalizer" daemon [_thread_blocked, id=17532, stack(0x00000052e2a00000,0x00000052e2b00000)]
  0x000001ae2f968b00 JavaThread "Signal Dispatcher" daemon [_thread_blocked, id=14000, stack(0x00000052e2b00000,0x00000052e2c00000)]
  0x000001ae2f96a4c0 JavaThread "Attach Listener" daemon [_thread_blocked, id=16916, stack(0x00000052e2c00000,0x00000052e2d00000)]
  0x000001ae2f96ae70 JavaThread "Service Thread" daemon [_thread_blocked, id=18676, stack(0x00000052e2d00000,0x00000052e2e00000)]
  0x000001ae2f96b820 JavaThread "Monitor Deflation Thread" daemon [_thread_blocked, id=15900, stack(0x00000052e2e00000,0x00000052e2f00000)]
  0x000001ae2f96c500 JavaThread "C2 CompilerThread0" daemon [_thread_blocked, id=15216, stack(0x00000052e2f00000,0x00000052e3000000)]
  0x000001ae2f96d500 JavaThread "C1 CompilerThread0" daemon [_thread_blocked, id=6976, stack(0x00000052e3000000,0x00000052e3100000)]
  0x000001ae2f970c40 JavaThread "Sweeper thread" daemon [_thread_blocked, id=7936, stack(0x00000052e3100000,0x00000052e3200000)]
  0x000001ae304cc180 JavaThread "JDWP Transport Listener: dt_socket" daemon [_thread_blocked, id=11896, stack(0x00000052e3200000,0x00000052e3300000)]
  0x000001ae304d1230 JavaThread "JDWP Event Helper Thread" daemon [_thread_blocked, id=8052, stack(0x00000052e3300000,0x00000052e3400000)]
  0x000001ae304d4740 JavaThread "JDWP Command Reader" daemon [_thread_in_native, id=10520, stack(0x00000052e3400000,0x00000052e3500000)]
  0x000001ae304ddf10 JavaThread "Notification Thread" daemon [_thread_blocked, id=8648, stack(0x00000052e3500000,0x00000052e3600000)]
  0x000001ae304e0870 JavaThread "Common-Cleaner" daemon [_thread_blocked, id=604, stack(0x00000052e3700000,0x00000052e3800000)]
  0x000001ae307c5210 JavaThread "Java2D Disposer" daemon [_thread_blocked, id=4316, stack(0x00000052e3800000,0x00000052e3900000)]
  0x000001ae307e57a0 JavaThread "AWT-Windows" daemon [_thread_in_native, id=5252, stack(0x00000052e3a00000,0x00000052e3b00000)]
  0x000001ae317bb340 JavaThread "main-Display-.windows_nil-1-EDT-1" daemon [_thread_blocked, id=15072, stack(0x00000052e4600000,0x00000052e4700000)]
  0x000001ae3655fae0 JavaThread "main-SharedResourceRunner" daemon [_thread_blocked, id=2528, stack(0x00000052e4700000,0x00000052e4800000)]
  0x000001ae3a2c5480 JavaThread "HighResTimerThread" daemon [_thread_blocked, id=11540, stack(0x00000052e3900000,0x00000052e3a00000)]
  0x000001ae36f35fa0 JavaThread "Thread-2" [_thread_blocked, id=5276, stack(0x00000052e4500000,0x00000052e4600000)]
  0x000001ae36f32d00 JavaThread "DestroyJavaVM" [_thread_blocked, id=17068, stack(0x00000052e2200000,0x00000052e2300000)]
=>0x000001ae36f331d0 JavaThread "main-FPSAWTAnimator#00-Timer0-FPSAWTAnimator#00-Timer1" [_thread_in_native, id=10444, stack(0x00000052e5300000,0x00000052e5400000)]
  0x000001ae36f31020 JavaThread "Java Sound Event Dispatcher" daemon [_thread_blocked, id=9756, stack(0x00000052e5600000,0x00000052e5700000)]
  0x000001ae36f314f0 JavaThread "Thread-5" [_thread_blocked, id=10036, stack(0x00000052e5900000,0x00000052e5a00000)]

Other Threads:
  0x000001ae2f948510 VMThread "VM Thread" [stack: 0x00000052e2800000,0x00000052e2900000] [id=10560]
  0x000001ae304e05e0 WatcherThread [stack: 0x00000052e3600000,0x00000052e3700000] [id=10796]
  0x000001ae11a3f280 GCTaskThread "GC Thread#0" [stack: 0x00000052e2300000,0x00000052e2400000] [id=2852]
  0x000001ae37211440 GCTaskThread "GC Thread#1" [stack: 0x00000052e4900000,0x00000052e4a00000] [id=12276]
  0x000001ae37211c50 GCTaskThread "GC Thread#2" [stack: 0x00000052e4a00000,0x00000052e4b00000] [id=12248]
  0x000001ae37212c70 GCTaskThread "GC Thread#3" [stack: 0x00000052e4b00000,0x00000052e4c00000] [id=15588]
  0x000001ae372116f0 GCTaskThread "GC Thread#4" [stack: 0x00000052e4c00000,0x00000052e4d00000] [id=8828]
  0x000001ae37211f00 GCTaskThread "GC Thread#5" [stack: 0x00000052e4d00000,0x00000052e4e00000] [id=4864]
  0x000001ae37212460 GCTaskThread "GC Thread#6" [stack: 0x00000052e4e00000,0x00000052e4f00000] [id=1556]
  0x000001ae37211190 GCTaskThread "GC Thread#7" [stack: 0x00000052e4f00000,0x00000052e5000000] [id=19248]
  0x000001ae3729bca0 GCTaskThread "GC Thread#8" [stack: 0x00000052e5000000,0x00000052e5100000] [id=12224]
  0x000001ae3729b490 GCTaskThread "GC Thread#9" [stack: 0x00000052e5100000,0x00000052e5200000] [id=15840]
  0x000001ae11a4fdd0 ConcurrentGCThread "G1 Main Marker" [stack: 0x00000052e2400000,0x00000052e2500000] [id=7368]
  0x000001ae11a507e0 ConcurrentGCThread "G1 Conc#0" [stack: 0x00000052e2500000,0x00000052e2600000] [id=1788]
  0x000001ae11ad39d0 ConcurrentGCThread "G1 Refine#0" [stack: 0x00000052e2600000,0x00000052e2700000] [id=14332]
  0x000001ae11ad43f0 ConcurrentGCThread "G1 Service" [stack: 0x00000052e2700000,0x00000052e2800000] [id=18588]

Threads with active compile tasks:

VM state: not at safepoint (normal execution)

VM Mutex/Monitor currently owned by a thread: None

Heap address: 0x000000008a000000, size: 1888 MB, Compressed Oops mode: 32-bit

CDS archive(s) mapped at: [0x0000000800000000-0x0000000800bc0000-0x0000000800bc0000), size 12320768, SharedBaseAddress: 0x0000000800000000, ArchiveRelocationMode: 0.
Compressed class space mapped at: 0x0000000800c00000-0x0000000840c00000, reserved size: 1073741824
Narrow klass base: 0x0000000800000000, Narrow klass shift: 0, Narrow klass range: 0x100000000

GC Precious Log:
 CPUs: 12 total, 12 available
 Memory: 7549M
 Large Page Support: Disabled
 NUMA Support: Disabled
 Compressed Oops: Enabled (32-bit)
 Heap Region Size: 1M
 Heap Min Capacity: 8M
 Heap Initial Capacity: 118M
 Heap Max Capacity: 1888M
 Pre-touch: Disabled
 Parallel Workers: 10
 Concurrent Workers: 3
 Concurrent Refinement Workers: 10
 Periodic GC: Disabled

Heap:
 garbage-first heap   total 120832K, used 35620K [0x000000008a000000, 0x0000000100000000)
  region size 1024K, 22 young (22528K), 5 survivors (5120K)
 Metaspace       used 14254K, committed 14464K, reserved 1064960K
  class space    used 1063K, committed 1152K, reserved 1048576K

Heap Regions: E=young(eden), S=young(survivor), O=old, HS=humongous(starts), HC=humongous(continues), CS=collection set, F=free, OA=open archive, CA=closed archive, TAMS=top-at-mark-start (previous, next)
|   0|0x000000008a000000, 0x000000008a100000, 0x000000008a100000|100%|HS|  |TAMS 0x000000008a000000, 0x000000008a000000| Complete 
|   1|0x000000008a100000, 0x000000008a200000, 0x000000008a200000|100%|HC|  |TAMS 0x000000008a100000, 0x000000008a100000| Complete 
|   2|0x000000008a200000, 0x000000008a300000, 0x000000008a300000|100%|HC|  |TAMS 0x000000008a200000, 0x000000008a200000| Complete 
|   3|0x000000008a300000, 0x000000008a400000, 0x000000008a400000|100%|HC|  |TAMS 0x000000008a300000, 0x000000008a300000| Complete 
|   4|0x000000008a400000, 0x000000008a400000, 0x000000008a500000|  0%| F|  |TAMS 0x000000008a400000, 0x000000008a400000| Untracked 
|   5|0x000000008a500000, 0x000000008a500000, 0x000000008a600000|  0%| F|  |TAMS 0x000000008a500000, 0x000000008a500000| Untracked 
|   6|0x000000008a600000, 0x000000008a600000, 0x000000008a700000|  0%| F|  |TAMS 0x000000008a600000, 0x000000008a600000| Untracked 
|   7|0x000000008a700000, 0x000000008a700000, 0x000000008a800000|  0%| F|  |TAMS 0x000000008a700000, 0x000000008a700000| Untracked 
|   8|0x000000008a800000, 0x000000008a800000, 0x000000008a900000|  0%| F|  |TAMS 0x000000008a800000, 0x000000008a800000| Untracked 
|   9|0x000000008a900000, 0x000000008a900000, 0x000000008aa00000|  0%| F|  |TAMS 0x000000008a900000, 0x000000008a900000| Untracked 
|  10|0x000000008aa00000, 0x000000008aa00000, 0x000000008ab00000|  0%| F|  |TAMS 0x000000008aa00000, 0x000000008aa00000| Untracked 
|  11|0x000000008ab00000, 0x000000008ab00000, 0x000000008ac00000|  0%| F|  |TAMS 0x000000008ab00000, 0x000000008ab00000| Untracked 
|  12|0x000000008ac00000, 0x000000008ac00000, 0x000000008ad00000|  0%| F|  |TAMS 0x000000008ac00000, 0x000000008ac00000| Untracked 
|  13|0x000000008ad00000, 0x000000008ad00000, 0x000000008ae00000|  0%| F|  |TAMS 0x000000008ad00000, 0x000000008ad00000| Untracked 
|  14|0x000000008ae00000, 0x000000008af00000, 0x000000008af00000|100%|HS|  |TAMS 0x000000008ae00000, 0x000000008ae00000| Complete 
|  15|0x000000008af00000, 0x000000008b000000, 0x000000008b000000|100%|HC|  |TAMS 0x000000008af00000, 0x000000008af00000| Complete 
|  16|0x000000008b000000, 0x000000008b100000, 0x000000008b100000|100%|HC|  |TAMS 0x000000008b000000, 0x000000008b000000| Complete 
|  17|0x000000008b100000, 0x000000008b200000, 0x000000008b200000|100%|HC|  |TAMS 0x000000008b100000, 0x000000008b100000| Complete 
|  18|0x000000008b200000, 0x000000008b300000, 0x000000008b300000|100%|HS|  |TAMS 0x000000008b200000, 0x000000008b200000| Complete 
|  19|0x000000008b300000, 0x000000008b400000, 0x000000008b400000|100%|HC|  |TAMS 0x000000008b300000, 0x000000008b300000| Complete 
|  20|0x000000008b400000, 0x000000008b500000, 0x000000008b500000|100%|HS|  |TAMS 0x000000008b400000, 0x000000008b400000| Complete 
|  21|0x000000008b500000, 0x000000008b600000, 0x000000008b600000|100%|HS|  |TAMS 0x000000008b500000, 0x000000008b500000| Complete 
|  22|0x000000008b600000, 0x000000008b700000, 0x000000008b700000|100%| O|  |TAMS 0x000000008b600000, 0x000000008b600000| Untracked 
|  23|0x000000008b700000, 0x000000008b800000, 0x000000008b800000|100%| O|  |TAMS 0x000000008b700000, 0x000000008b700000| Untracked 
|  24|0x000000008b800000, 0x000000008b88ac00, 0x000000008b900000| 54%| O|  |TAMS 0x000000008b800000, 0x000000008b800000| Untracked 
|  25|0x000000008b900000, 0x000000008b900000, 0x000000008ba00000|  0%| F|  |TAMS 0x000000008b900000, 0x000000008b900000| Untracked 
|  26|0x000000008ba00000, 0x000000008ba00000, 0x000000008bb00000|  0%| F|  |TAMS 0x000000008ba00000, 0x000000008ba00000| Untracked 
|  27|0x000000008bb00000, 0x000000008bb00000, 0x000000008bc00000|  0%| F|  |TAMS 0x000000008bb00000, 0x000000008bb00000| Untracked 
|  28|0x000000008bc00000, 0x000000008bc00000, 0x000000008bd00000|  0%| F|  |TAMS 0x000000008bc00000, 0x000000008bc00000| Untracked 
|  29|0x000000008bd00000, 0x000000008bd00000, 0x000000008be00000|  0%| F|  |TAMS 0x000000008bd00000, 0x000000008bd00000| Untracked 
|  30|0x000000008be00000, 0x000000008be00000, 0x000000008bf00000|  0%| F|  |TAMS 0x000000008be00000, 0x000000008be00000| Untracked 
|  31|0x000000008bf00000, 0x000000008bf00000, 0x000000008c000000|  0%| F|  |TAMS 0x000000008bf00000, 0x000000008bf00000| Untracked 
|  32|0x000000008c000000, 0x000000008c000000, 0x000000008c100000|  0%| F|  |TAMS 0x000000008c000000, 0x000000008c000000| Untracked 
|  33|0x000000008c100000, 0x000000008c100000, 0x000000008c200000|  0%| F|  |TAMS 0x000000008c100000, 0x000000008c100000| Untracked 
|  34|0x000000008c200000, 0x000000008c200000, 0x000000008c300000|  0%| F|  |TAMS 0x000000008c200000, 0x000000008c200000| Untracked 
|  35|0x000000008c300000, 0x000000008c300000, 0x000000008c400000|  0%| F|  |TAMS 0x000000008c300000, 0x000000008c300000| Untracked 
|  36|0x000000008c400000, 0x000000008c400000, 0x000000008c500000|  0%| F|  |TAMS 0x000000008c400000, 0x000000008c400000| Untracked 
|  37|0x000000008c500000, 0x000000008c500000, 0x000000008c600000|  0%| F|  |TAMS 0x000000008c500000, 0x000000008c500000| Untracked 
|  38|0x000000008c600000, 0x000000008c600000, 0x000000008c700000|  0%| F|  |TAMS 0x000000008c600000, 0x000000008c600000| Untracked 
|  39|0x000000008c700000, 0x000000008c700000, 0x000000008c800000|  0%| F|  |TAMS 0x000000008c700000, 0x000000008c700000| Untracked 
|  40|0x000000008c800000, 0x000000008c800000, 0x000000008c900000|  0%| F|  |TAMS 0x000000008c800000, 0x000000008c800000| Untracked 
|  41|0x000000008c900000, 0x000000008c900000, 0x000000008ca00000|  0%| F|  |TAMS 0x000000008c900000, 0x000000008c900000| Untracked 
|  42|0x000000008ca00000, 0x000000008ca00000, 0x000000008cb00000|  0%| F|  |TAMS 0x000000008ca00000, 0x000000008ca00000| Untracked 
|  43|0x000000008cb00000, 0x000000008cb00000, 0x000000008cc00000|  0%| F|  |TAMS 0x000000008cb00000, 0x000000008cb00000| Untracked 
|  44|0x000000008cc00000, 0x000000008cc00000, 0x000000008cd00000|  0%| F|  |TAMS 0x000000008cc00000, 0x000000008cc00000| Untracked 
|  45|0x000000008cd00000, 0x000000008cd00000, 0x000000008ce00000|  0%| F|  |TAMS 0x000000008cd00000, 0x000000008cd00000| Untracked 
|  46|0x000000008ce00000, 0x000000008ce00000, 0x000000008cf00000|  0%| F|  |TAMS 0x000000008ce00000, 0x000000008ce00000| Untracked 
|  47|0x000000008cf00000, 0x000000008cf00000, 0x000000008d000000|  0%| F|  |TAMS 0x000000008cf00000, 0x000000008cf00000| Untracked 
|  48|0x000000008d000000, 0x000000008d000000, 0x000000008d100000|  0%| F|  |TAMS 0x000000008d000000, 0x000000008d000000| Untracked 
|  49|0x000000008d100000, 0x000000008d100000, 0x000000008d200000|  0%| F|  |TAMS 0x000000008d100000, 0x000000008d100000| Untracked 
|  50|0x000000008d200000, 0x000000008d200000, 0x000000008d300000|  0%| F|  |TAMS 0x000000008d200000, 0x000000008d200000| Untracked 
|  51|0x000000008d300000, 0x000000008d300000, 0x000000008d400000|  0%| F|  |TAMS 0x000000008d300000, 0x000000008d300000| Untracked 
|  52|0x000000008d400000, 0x000000008d400000, 0x000000008d500000|  0%| F|  |TAMS 0x000000008d400000, 0x000000008d400000| Untracked 
|  53|0x000000008d500000, 0x000000008d500000, 0x000000008d600000|  0%| F|  |TAMS 0x000000008d500000, 0x000000008d500000| Untracked 
|  54|0x000000008d600000, 0x000000008d600000, 0x000000008d700000|  0%| F|  |TAMS 0x000000008d600000, 0x000000008d600000| Untracked 
|  55|0x000000008d700000, 0x000000008d700000, 0x000000008d800000|  0%| F|  |TAMS 0x000000008d700000, 0x000000008d700000| Untracked 
|  56|0x000000008d800000, 0x000000008d800000, 0x000000008d900000|  0%| F|  |TAMS 0x000000008d800000, 0x000000008d800000| Untracked 
|  57|0x000000008d900000, 0x000000008d900000, 0x000000008da00000|  0%| F|  |TAMS 0x000000008d900000, 0x000000008d900000| Untracked 
|  58|0x000000008da00000, 0x000000008da00000, 0x000000008db00000|  0%| F|  |TAMS 0x000000008da00000, 0x000000008da00000| Untracked 
|  59|0x000000008db00000, 0x000000008db00000, 0x000000008dc00000|  0%| F|  |TAMS 0x000000008db00000, 0x000000008db00000| Untracked 
|  60|0x000000008dc00000, 0x000000008dc00000, 0x000000008dd00000|  0%| F|  |TAMS 0x000000008dc00000, 0x000000008dc00000| Untracked 
|  61|0x000000008dd00000, 0x000000008dd00000, 0x000000008de00000|  0%| F|  |TAMS 0x000000008dd00000, 0x000000008dd00000| Untracked 
|  62|0x000000008de00000, 0x000000008de00000, 0x000000008df00000|  0%| F|  |TAMS 0x000000008de00000, 0x000000008de00000| Untracked 
|  63|0x000000008df00000, 0x000000008df00000, 0x000000008e000000|  0%| F|  |TAMS 0x000000008df00000, 0x000000008df00000| Untracked 
|  64|0x000000008e000000, 0x000000008e000000, 0x000000008e100000|  0%| F|  |TAMS 0x000000008e000000, 0x000000008e000000| Untracked 
|  65|0x000000008e100000, 0x000000008e100000, 0x000000008e200000|  0%| F|  |TAMS 0x000000008e100000, 0x000000008e100000| Untracked 
|  66|0x000000008e200000, 0x000000008e200000, 0x000000008e300000|  0%| F|  |TAMS 0x000000008e200000, 0x000000008e200000| Untracked 
|  67|0x000000008e300000, 0x000000008e300000, 0x000000008e400000|  0%| F|  |TAMS 0x000000008e300000, 0x000000008e300000| Untracked 
|  68|0x000000008e400000, 0x000000008e400000, 0x000000008e500000|  0%| F|  |TAMS 0x000000008e400000, 0x000000008e400000| Untracked 
|  69|0x000000008e500000, 0x000000008e500000, 0x000000008e600000|  0%| F|  |TAMS 0x000000008e500000, 0x000000008e500000| Untracked 
|  70|0x000000008e600000, 0x000000008e600000, 0x000000008e700000|  0%| F|  |TAMS 0x000000008e600000, 0x000000008e600000| Untracked 
|  71|0x000000008e700000, 0x000000008e700000, 0x000000008e800000|  0%| F|  |TAMS 0x000000008e700000, 0x000000008e700000| Untracked 
|  72|0x000000008e800000, 0x000000008e800000, 0x000000008e900000|  0%| F|  |TAMS 0x000000008e800000, 0x000000008e800000| Untracked 
|  73|0x000000008e900000, 0x000000008e900000, 0x000000008ea00000|  0%| F|  |TAMS 0x000000008e900000, 0x000000008e900000| Untracked 
|  74|0x000000008ea00000, 0x000000008ea00000, 0x000000008eb00000|  0%| F|  |TAMS 0x000000008ea00000, 0x000000008ea00000| Untracked 
|  75|0x000000008eb00000, 0x000000008eb00000, 0x000000008ec00000|  0%| F|  |TAMS 0x000000008eb00000, 0x000000008eb00000| Untracked 
|  76|0x000000008ec00000, 0x000000008ec3e6e0, 0x000000008ed00000| 24%| S|CS|TAMS 0x000000008ec00000, 0x000000008ec00000| Complete 
|  77|0x000000008ed00000, 0x000000008ee00000, 0x000000008ee00000|100%| S|CS|TAMS 0x000000008ed00000, 0x000000008ed00000| Complete 
|  78|0x000000008ee00000, 0x000000008ef00000, 0x000000008ef00000|100%| S|CS|TAMS 0x000000008ee00000, 0x000000008ee00000| Complete 
|  79|0x000000008ef00000, 0x000000008f000000, 0x000000008f000000|100%| S|CS|TAMS 0x000000008ef00000, 0x000000008ef00000| Complete 
|  80|0x000000008f000000, 0x000000008f100000, 0x000000008f100000|100%| S|CS|TAMS 0x000000008f000000, 0x000000008f000000| Complete 
|  81|0x000000008f100000, 0x000000008f100000, 0x000000008f200000|  0%| F|  |TAMS 0x000000008f100000, 0x000000008f100000| Untracked 
|  82|0x000000008f200000, 0x000000008f200000, 0x000000008f300000|  0%| F|  |TAMS 0x000000008f200000, 0x000000008f200000| Untracked 
|  83|0x000000008f300000, 0x000000008f300000, 0x000000008f400000|  0%| F|  |TAMS 0x000000008f300000, 0x000000008f300000| Untracked 
|  84|0x000000008f400000, 0x000000008f400000, 0x000000008f500000|  0%| F|  |TAMS 0x000000008f400000, 0x000000008f400000| Untracked 
|  85|0x000000008f500000, 0x000000008f500000, 0x000000008f600000|  0%| F|  |TAMS 0x000000008f500000, 0x000000008f500000| Untracked 
|  86|0x000000008f600000, 0x000000008f600000, 0x000000008f700000|  0%| F|  |TAMS 0x000000008f600000, 0x000000008f600000| Untracked 
|  87|0x000000008f700000, 0x000000008f700000, 0x000000008f800000|  0%| F|  |TAMS 0x000000008f700000, 0x000000008f700000| Untracked 
|  88|0x000000008f800000, 0x000000008f800000, 0x000000008f900000|  0%| F|  |TAMS 0x000000008f800000, 0x000000008f800000| Untracked 
|  89|0x000000008f900000, 0x000000008f900000, 0x000000008fa00000|  0%| F|  |TAMS 0x000000008f900000, 0x000000008f900000| Untracked 
|  90|0x000000008fa00000, 0x000000008fa00000, 0x000000008fb00000|  0%| F|  |TAMS 0x000000008fa00000, 0x000000008fa00000| Untracked 
|  91|0x000000008fb00000, 0x000000008fb00000, 0x000000008fc00000|  0%| F|  |TAMS 0x000000008fb00000, 0x000000008fb00000| Untracked 
|  92|0x000000008fc00000, 0x000000008fc00000, 0x000000008fd00000|  0%| F|  |TAMS 0x000000008fc00000, 0x000000008fc00000| Untracked 
|  93|0x000000008fd00000, 0x000000008fd00000, 0x000000008fe00000|  0%| F|  |TAMS 0x000000008fd00000, 0x000000008fd00000| Untracked 
|  94|0x000000008fe00000, 0x000000008fe00000, 0x000000008ff00000|  0%| F|  |TAMS 0x000000008fe00000, 0x000000008fe00000| Untracked 
|  95|0x000000008ff00000, 0x000000008ff00000, 0x0000000090000000|  0%| F|  |TAMS 0x000000008ff00000, 0x000000008ff00000| Untracked 
|  96|0x0000000090000000, 0x0000000090000000, 0x0000000090100000|  0%| F|  |TAMS 0x0000000090000000, 0x0000000090000000| Untracked 
|  97|0x0000000090100000, 0x0000000090100000, 0x0000000090200000|  0%| F|  |TAMS 0x0000000090100000, 0x0000000090100000| Untracked 
|  98|0x0000000090200000, 0x0000000090200000, 0x0000000090300000|  0%| F|  |TAMS 0x0000000090200000, 0x0000000090200000| Untracked 
|  99|0x0000000090300000, 0x0000000090300000, 0x0000000090400000|  0%| F|  |TAMS 0x0000000090300000, 0x0000000090300000| Untracked 
| 100|0x0000000090400000, 0x0000000090400000, 0x0000000090500000|  0%| F|  |TAMS 0x0000000090400000, 0x0000000090400000| Untracked 
| 101|0x0000000090500000, 0x00000000905b5238, 0x0000000090600000| 70%| E|  |TAMS 0x0000000090500000, 0x0000000090500000| Complete 
| 102|0x0000000090600000, 0x0000000090700000, 0x0000000090700000|100%| E|CS|TAMS 0x0000000090600000, 0x0000000090600000| Complete 
| 103|0x0000000090700000, 0x0000000090800000, 0x0000000090800000|100%| E|CS|TAMS 0x0000000090700000, 0x0000000090700000| Complete 
| 104|0x0000000090800000, 0x0000000090900000, 0x0000000090900000|100%| E|CS|TAMS 0x0000000090800000, 0x0000000090800000| Complete 
| 105|0x0000000090900000, 0x0000000090a00000, 0x0000000090a00000|100%| E|CS|TAMS 0x0000000090900000, 0x0000000090900000| Complete 
| 106|0x0000000090a00000, 0x0000000090b00000, 0x0000000090b00000|100%| E|CS|TAMS 0x0000000090a00000, 0x0000000090a00000| Complete 
| 107|0x0000000090b00000, 0x0000000090c00000, 0x0000000090c00000|100%| E|CS|TAMS 0x0000000090b00000, 0x0000000090b00000| Complete 
| 108|0x0000000090c00000, 0x0000000090d00000, 0x0000000090d00000|100%| E|CS|TAMS 0x0000000090c00000, 0x0000000090c00000| Complete 
| 109|0x0000000090d00000, 0x0000000090e00000, 0x0000000090e00000|100%| E|CS|TAMS 0x0000000090d00000, 0x0000000090d00000| Complete 
| 110|0x0000000090e00000, 0x0000000090f00000, 0x0000000090f00000|100%| E|CS|TAMS 0x0000000090e00000, 0x0000000090e00000| Complete 
| 111|0x0000000090f00000, 0x0000000091000000, 0x0000000091000000|100%| E|CS|TAMS 0x0000000090f00000, 0x0000000090f00000| Complete 
| 112|0x0000000091000000, 0x0000000091100000, 0x0000000091100000|100%| E|CS|TAMS 0x0000000091000000, 0x0000000091000000| Complete 
| 113|0x0000000091100000, 0x0000000091200000, 0x0000000091200000|100%| E|CS|TAMS 0x0000000091100000, 0x0000000091100000| Complete 
| 114|0x0000000091200000, 0x0000000091300000, 0x0000000091300000|100%| E|CS|TAMS 0x0000000091200000, 0x0000000091200000| Complete 
| 115|0x0000000091300000, 0x0000000091400000, 0x0000000091400000|100%| E|CS|TAMS 0x0000000091300000, 0x0000000091300000| Complete 
| 116|0x0000000091400000, 0x0000000091500000, 0x0000000091500000|100%| E|CS|TAMS 0x0000000091400000, 0x0000000091400000| Complete 
| 117|0x0000000091500000, 0x0000000091600000, 0x0000000091600000|100%| E|CS|TAMS 0x0000000091500000, 0x0000000091500000| Complete 

Card table byte_map: [0x000001ae28b10000,0x000001ae28ec0000] _byte_map_base: 0x000001ae286c0000

Marking Bits (Prev, Next): (CMBitMap*) 0x000001ae11a3f890, (CMBitMap*) 0x000001ae11a3f8d0
 Prev Bits: [0x000001ae29270000, 0x000001ae2aff0000)
 Next Bits: [0x000001ae2aff0000, 0x000001ae2cd70000)

Polling page: 0x000001ae111e0000

Metaspace:

Usage:
  Non-class:     12.88 MB used.
      Class:      1.04 MB used.
       Both:     13.92 MB used.

Virtual space:
  Non-class space:       16.00 MB reserved,      13.00 MB ( 81%) committed,  2 nodes.
      Class space:        1.00 GB reserved,       1.12 MB ( <1%) committed,  1 nodes.
             Both:        1.02 GB reserved,      14.12 MB (  1%) committed. 

Chunk freelists:
   Non-Class:  3.03 MB
       Class:  2.83 MB
        Both:  5.86 MB

MaxMetaspaceSize: unlimited
CompressedClassSpaceSize: 1.00 GB
Initial GC threshold: 21.00 MB
Current GC threshold: 21.00 MB
CDS: on
MetaspaceReclaimPolicy: balanced
 - commit_granule_bytes: 65536.
 - commit_granule_words: 8192.
 - virtual_space_node_default_size: 1048576.
 - enlarge_chunks_in_place: 1.
 - new_chunks_are_fully_committed: 0.
 - uncommit_free_chunks: 1.
 - use_allocation_guard: 0.
 - handle_deallocations: 1.


Internal statistics:

num_allocs_failed_limit: 0.
num_arena_births: 142.
num_arena_deaths: 0.
num_vsnodes_births: 3.
num_vsnodes_deaths: 0.
num_space_committed: 222.
num_space_uncommitted: 0.
num_chunks_returned_to_freelist: 0.
num_chunks_taken_from_freelist: 447.
num_chunk_merges: 0.
num_chunk_splits: 345.
num_chunks_enlarged: 279.
num_purges: 0.
num_inconsistent_stats: 0.

CodeHeap 'non-profiled nmethods': size=120000Kb used=1145Kb max_used=1145Kb free=118854Kb
 bounds [0x000001ae20ce0000, 0x000001ae20f50000, 0x000001ae28210000]
CodeHeap 'profiled nmethods': size=120000Kb used=4129Kb max_used=4129Kb free=115871Kb
 bounds [0x000001ae197b0000, 0x000001ae19bc0000, 0x000001ae20ce0000]
CodeHeap 'non-nmethods': size=5760Kb used=1607Kb max_used=1635Kb free=4152Kb
 bounds [0x000001ae19210000, 0x000001ae19480000, 0x000001ae197b0000]
 total_blobs=2917 nmethods=1973 adapters=857
 compilation: enabled
              stopped_count=0, restarted_count=0
 full_count=0

Compilation events (20 events):
Event: 14.764 Thread 0x000001ae2f96c500 1964       4       jogamp.newt.DefaultEDTUtil::access$100 (4 bytes)
Event: 14.764 Thread 0x000001ae2f96c500 nmethod 1964 0x000001ae20dfd110 code [0x000001ae20dfd280, 0x000001ae20dfd2f8]
Event: 15.179 Thread 0x000001ae2f96c500 1965       4       ddf.minim.javasound.FloatSampleBuffer::getChannel (31 bytes)
Event: 15.261 Thread 0x000001ae2f96c500 nmethod 1965 0x000001ae20dfd410 code [0x000001ae20dfd5a0, 0x000001ae20dfd6b8]
Event: 15.352 Thread 0x000001ae2f96c500 1966       4       ddf.minim.javasound.FloatSampleTools::getSampleSize (52 bytes)
Event: 15.380 Thread 0x000001ae2f96c500 nmethod 1966 0x000001ae20dfd810 code [0x000001ae20dfd980, 0x000001ae20dfd9f8]
Event: 16.793 Thread 0x000001ae2f96d500 1967       3       java.lang.Exception::<init> (6 bytes)
Event: 16.844 Thread 0x000001ae2f96d500 nmethod 1967 0x000001ae19bb4f90 code [0x000001ae19bb5160, 0x000001ae19bb5588]
Event: 18.431 Thread 0x000001ae2f96d500 1968       3       ddf.minim.javasound.FloatSampleTools::float2byte (57 bytes)
Event: 18.549 Thread 0x000001ae2f96d500 nmethod 1968 0x000001ae19bb5690 code [0x000001ae19bb5840, 0x000001ae19bb5c08]
Event: 18.554 Thread 0x000001ae2f96d500 1971   !   3       com.sun.media.sound.DirectAudioDevice$DirectDL::write (322 bytes)
Event: 18.570 Thread 0x000001ae2f96d500 nmethod 1971 0x000001ae19bb5e10 code [0x000001ae19bb60e0, 0x000001ae19bb7248]
Event: 20.928 Thread 0x000001ae2f96d500 1973       3       java.util.AbstractCollection::isEmpty (13 bytes)
Event: 20.930 Thread 0x000001ae2f96c500 1975       4       jogamp.opengl.gl4.GL4bcImpl::glDisableVertexAttribArray (44 bytes)
Event: 20.943 Thread 0x000001ae2f96d500 nmethod 1973 0x000001ae19bb7890 code [0x000001ae19bb7a40, 0x000001ae19bb7c68]
Event: 20.944 Thread 0x000001ae2f96d500 1974       3       java.util.concurrent.LinkedBlockingQueue::size (8 bytes)
Event: 20.947 Thread 0x000001ae2f96d500 nmethod 1974 0x000001ae19bb7d10 code [0x000001ae19bb7ea0, 0x000001ae19bb7fd8]
Event: 20.962 Thread 0x000001ae2f96c500 nmethod 1975 0x000001ae20dfe390 code [0x000001ae20dfe520, 0x000001ae20dfe628]
Event: 21.025 Thread 0x000001ae2f96d500 1976       3       java.util.TaskQueue::getMin (7 bytes)
Event: 21.026 Thread 0x000001ae2f96d500 nmethod 1976 0x000001ae19bb8090 code [0x000001ae19bb8220, 0x000001ae19bb8358]

GC Heap History (4 events):
Event: 1.796 GC heap before
{Heap before GC invocations=0 (full 0):
 garbage-first heap   total 120832K, used 25600K [0x000000008a000000, 0x0000000100000000)
  region size 1024K, 23 young (23552K), 0 survivors (0K)
 Metaspace       used 11262K, committed 11520K, reserved 1064960K
  class space    used 813K, committed 960K, reserved 1048576K
}
Event: 1.811 GC heap after
{Heap after GC invocations=1 (full 0):
 garbage-first heap   total 120832K, used 2749K [0x000000008a000000, 0x0000000100000000)
  region size 1024K, 3 young (3072K), 3 survivors (3072K)
 Metaspace       used 11262K, committed 11520K, reserved 1064960K
  class space    used 813K, committed 960K, reserved 1048576K
}
Event: 6.404 GC heap before
{Heap before GC invocations=1 (full 0):
 garbage-first heap   total 120832K, used 59069K [0x000000008a000000, 0x0000000100000000)
  region size 1024K, 37 young (37888K), 3 survivors (3072K)
 Metaspace       used 14134K, committed 14336K, reserved 1064960K
  class space    used 1063K, committed 1152K, reserved 1048576K
}
Event: 6.412 GC heap after
{Heap after GC invocations=2 (full 0):
 garbage-first heap   total 120832K, used 19236K [0x000000008a000000, 0x0000000100000000)
  region size 1024K, 5 young (5120K), 5 survivors (5120K)
 Metaspace       used 14134K, committed 14336K, reserved 1064960K
  class space    used 1063K, committed 1152K, reserved 1048576K
}

Deoptimization events (20 events):
Event: 3.889 Thread 0x000001ae36f314f0 DEOPT PACKING pc=0x000001ae19aa179a sp=0x00000052e59ff550
Event: 3.889 Thread 0x000001ae36f314f0 DEOPT UNPACKING pc=0x000001ae19262b43 sp=0x00000052e59fe9f0 mode 0
Event: 3.941 Thread 0x000001ae36f314f0 DEOPT PACKING pc=0x000001ae19a85dcb sp=0x00000052e59ff0b0
Event: 3.941 Thread 0x000001ae36f314f0 DEOPT UNPACKING pc=0x000001ae19262b43 sp=0x00000052e59fe558 mode 0
Event: 4.021 Thread 0x000001ae36f314f0 DEOPT PACKING pc=0x000001ae19ac23a9 sp=0x00000052e59ff240
Event: 4.021 Thread 0x000001ae36f314f0 DEOPT UNPACKING pc=0x000001ae19262b43 sp=0x00000052e59fe760 mode 0
Event: 4.021 Thread 0x000001ae36f314f0 DEOPT PACKING pc=0x000001ae19ac5c7d sp=0x00000052e59ff390
Event: 4.021 Thread 0x000001ae36f314f0 DEOPT UNPACKING pc=0x000001ae19262b43 sp=0x00000052e59fe8c8 mode 0
Event: 5.169 Thread 0x000001ae36f314f0 DEOPT PACKING pc=0x000001ae19ae84fa sp=0x00000052e59ff500
Event: 5.169 Thread 0x000001ae36f314f0 DEOPT UNPACKING pc=0x000001ae19262b43 sp=0x00000052e59fe9c0 mode 0
Event: 7.315 Thread 0x000001ae36f314f0 Uncommon trap: trap_request=0xffffff45 fr.pc=0x000001ae20da17a0 relative=0x0000000000000be0
Event: 7.315 Thread 0x000001ae36f314f0 Uncommon trap: reason=unstable_if action=reinterpret pc=0x000001ae20da17a0 method=javazoom.jl.decoder.huffcodetab.huffman_decoder(Ljavazoom/jl/decoder/huffcodetab;[I[I[I[ILjavazoom/jl/decoder/BitReserve;)I @ 31 c2
Event: 7.315 Thread 0x000001ae36f314f0 DEOPT PACKING pc=0x000001ae20da17a0 sp=0x00000052e59feff0
Event: 7.315 Thread 0x000001ae36f314f0 DEOPT UNPACKING pc=0x000001ae192623a3 sp=0x00000052e59fef88 mode 2
Event: 9.945 Thread 0x000001ae36f331d0 DEOPT PACKING pc=0x000001ae19b3edb8 sp=0x00000052e53fe800
Event: 9.945 Thread 0x000001ae36f331d0 DEOPT UNPACKING pc=0x000001ae19262b43 sp=0x00000052e53fdd70 mode 0
Event: 11.732 Thread 0x000001ae36f314f0 DEOPT PACKING pc=0x000001ae19adbb55 sp=0x00000052e59fef40
Event: 11.732 Thread 0x000001ae36f314f0 DEOPT UNPACKING pc=0x000001ae19262b43 sp=0x00000052e59fe3e0 mode 0
Event: 13.604 Thread 0x000001ae36f314f0 DEOPT PACKING pc=0x000001ae19b320c0 sp=0x00000052e59fefb0
Event: 13.604 Thread 0x000001ae36f314f0 DEOPT UNPACKING pc=0x000001ae19262b43 sp=0x00000052e59fe418 mode 0

Classes unloaded (0 events):
No events

Classes redefined (0 events):
No events

Internal exceptions (16 events):
Event: 0.197 Thread 0x000001ae0f85b3d0 Exception <a 'java/lang/ClassNotFoundException'{0x0000000091381750}: sun/awt/resources/spi/awtProvider> (0x0000000091381750) 
thrown [t:\workspace\open\src\hotspot\share\classfile\systemDictionary.cpp, line 256]
Event: 0.226 Thread 0x000001ae0f85b3d0 Exception <a 'java/io/FileNotFoundException'{0x00000000913d75d8}> (0x00000000913d75d8) 
thrown [t:\workspace\open\src\hotspot\share\prims\jni.cpp, line 516]
Event: 0.234 Thread 0x000001ae0f85b3d0 Exception <a 'java/io/FileNotFoundException'{0x0000000091204ac8}> (0x0000000091204ac8) 
thrown [t:\workspace\open\src\hotspot\share\prims\jni.cpp, line 516]
Event: 0.284 Thread 0x000001ae0f85b3d0 Exception <a 'java/lang/NoSuchMethodError'{0x00000000912954d0}: 'java.lang.Object java.lang.invoke.DirectMethodHandle$Holder.invokeStaticInit(java.lang.Object)'> (0x00000000912954d0) 
thrown [t:\workspace\open\src\hotspot\share\interpreter\linkResolver.cpp, line 766]
Event: 0.519 Thread 0x000001ae0f85b3d0 Exception <a 'java/lang/NoSuchMethodError'{0x0000000090ec4fb8}: 'java.lang.Object java.lang.invoke.DirectMethodHandle$Holder.invokeStaticInit(java.lang.Object, int, int, int, int)'> (0x0000000090ec4fb8) 
thrown [t:\workspace\open\src\hotspot\share\interpreter\linkResolver.cpp, line 766]
Event: 0.604 Thread 0x000001ae0f85b3d0 Exception <a 'java/lang/NoSuchMethodError'{0x0000000090d37a28}: 'java.lang.Object java.lang.invoke.DirectMethodHandle$Holder.invokeStaticInit(java.lang.Object, java.lang.Object, int, int, int, int)'> (0x0000000090d37a28) 
thrown [t:\workspace\open\src\hotspot\share\interpreter\linkResolver.cpp, line 766]
Event: 0.626 Thread 0x000001ae0f85b3d0 Exception <a 'java/lang/NoSuchMethodError'{0x0000000090d43288}: 'void java.lang.invoke.DirectMethodHandle$Holder.invokeStatic(java.lang.Object, long)'> (0x0000000090d43288) 
thrown [t:\workspace\open\src\hotspot\share\interpreter\linkResolver.cpp, line 766]
Event: 0.627 Thread 0x000001ae0f85b3d0 Exception <a 'java/lang/NoSuchMethodError'{0x0000000090d48868}: 'java.lang.Object java.lang.invoke.DirectMethodHandle$Holder.newInvokeSpecial(java.lang.Object, long)'> (0x0000000090d48868) 
thrown [t:\workspace\open\src\hotspot\share\interpreter\linkResolver.cpp, line 766]
Event: 0.629 Thread 0x000001ae0f85b3d0 Exception <a 'java/lang/NoSuchMethodError'{0x0000000090d4fac0}: 'java.lang.Object java.lang.invoke.DirectMethodHandle$Holder.invokeStatic(java.lang.Object, java.lang.Object, long, java.lang.Object)'> (0x0000000090d4fac0) 
thrown [t:\workspace\open\src\hotspot\share\interpreter\linkResolver.cpp, line 766]
Event: 0.629 Thread 0x000001ae0f85b3d0 Exception <a 'java/lang/NoSuchMethodError'{0x0000000090d53558}: 'java.lang.Object java.lang.invoke.DirectMethodHandle$Holder.invokeStaticInit(java.lang.Object, java.lang.Object, long, java.lang.Object)'> (0x0000000090d53558) 
thrown [t:\workspace\open\src\hotspot\share\interpreter\linkResolver.cpp, line 766]
Event: 0.631 Thread 0x000001ae0f85b3d0 Exception <a 'java/lang/NoSuchMethodError'{0x0000000090d59b18}: 'java.lang.Object java.lang.invoke.DirectMethodHandle$Holder.newInvokeSpecial(java.lang.Object, java.lang.Object, long)'> (0x0000000090d59b18) 
thrown [t:\workspace\open\src\hotspot\share\interpreter\linkResolver.cpp, line 766]
Event: 0.631 Thread 0x000001ae0f85b3d0 Exception <a 'java/lang/NoSuchMethodError'{0x0000000090d5d688}: 'java.lang.Object java.lang.invoke.Invokers$Holder.linkToTargetMethod(java.lang.Object, long, java.lang.Object)'> (0x0000000090d5d688) 
thrown [t:\workspace\open\src\hotspot\share\interpreter\linkResolver.cpp, line 766]
Event: 0.788 Thread 0x000001ae0f85b3d0 Exception <a 'java/lang/NoSuchMethodError'{0x0000000090cc5718}: 'java.lang.Object java.lang.invoke.DirectMethodHandle$Holder.invokeInterface(java.lang.Object, java.lang.Object)'> (0x0000000090cc5718) 
thrown [t:\workspace\open\src\hotspot\share\interpreter\linkResolver.cpp, line 766]
Event: 0.789 Thread 0x000001ae0f85b3d0 Exception <a 'java/lang/IncompatibleClassChangeError'{0x0000000090cc8f10}: Found class java.lang.Object, but interface was expected> (0x0000000090cc8f10) 
thrown [t:\workspace\open\src\hotspot\share\interpreter\linkResolver.cpp, line 833]
Event: 2.463 Thread 0x000001ae36f64cd0 Exception <a 'java/lang/NoSuchMethodError'{0x0000000090bff630}: 'java.lang.Object java.lang.invoke.DirectMethodHandle$Holder.invokeStatic(java.lang.Object, float)'> (0x0000000090bff630) 
thrown [t:\workspace\open\src\hotspot\share\interpreter\linkResolver.cpp, line 766]
Event: 2.482 Thread 0x000001ae36f64cd0 Exception <a 'java/lang/NoSuchMethodError'{0x0000000090a4ab58}: 'int java.lang.invoke.DirectMethodHandle$Holder.invokeSpecial(java.lang.Object, java.lang.Object, java.lang.Object)'> (0x0000000090a4ab58) 
thrown [t:\workspace\open\src\hotspot\share\interpreter\linkResolver.cpp, line 766]

VM Operations (20 events):
Event: 4.695 Executing VM operation: Cleanup
Event: 4.695 Executing VM operation: Cleanup done
Event: 5.696 Executing VM operation: Cleanup
Event: 5.696 Executing VM operation: Cleanup done
Event: 6.404 Executing VM operation: G1CollectForAllocation
Event: 6.412 Executing VM operation: G1CollectForAllocation done
Event: 6.412 Executing VM operation: Cleanup
Event: 6.412 Executing VM operation: Cleanup done
Event: 7.413 Executing VM operation: Cleanup
Event: 7.413 Executing VM operation: Cleanup done
Event: 8.413 Executing VM operation: Cleanup
Event: 8.413 Executing VM operation: Cleanup done
Event: 11.414 Executing VM operation: Cleanup
Event: 11.414 Executing VM operation: Cleanup done
Event: 12.415 Executing VM operation: Cleanup
Event: 12.415 Executing VM operation: Cleanup done
Event: 13.415 Executing VM operation: Cleanup
Event: 13.416 Executing VM operation: Cleanup done
Event: 14.416 Executing VM operation: Cleanup
Event: 14.416 Executing VM operation: Cleanup done

Events (20 events):
Event: 2.638 Thread 0x000001ae3a82e9c0 Thread added: 0x000001ae3a82e9c0
Event: 2.640 Thread 0x000001ae3a862820 Thread added: 0x000001ae3a862820
Event: 2.668 loading class java/util/regex/Pattern$LookBehindEndNode
Event: 2.668 loading class java/util/regex/Pattern$LookBehindEndNode done
Event: 2.668 loading class java/util/regex/Pattern$NotBehind
Event: 2.668 loading class java/util/regex/Pattern$NotBehind done
Event: 2.669 loading class java/util/regex/Pattern$Neg
Event: 2.669 loading class java/util/regex/Pattern$Neg done
Event: 2.669 loading class java/util/regex/Pattern$Pos
Event: 2.669 loading class java/util/regex/Pattern$Pos done
Event: 2.703 loading class java/util/regex/Pattern$SliceS
Event: 2.703 loading class java/util/regex/Pattern$SliceS done
Event: 3.025 loading class java/util/NoSuchElementException
Event: 3.025 loading class java/util/NoSuchElementException done
Event: 4.045 Thread 0x000001ae3a862820 Thread exited: 0x000001ae3a862820
Event: 4.228 Thread 0x000001ae3a82e9c0 Thread exited: 0x000001ae3a82e9c0
Event: 8.762 Thread 0x000001ae75e99720 Thread added: 0x000001ae75e99720
Event: 8.763 Thread 0x000001ae75e99c30 Thread added: 0x000001ae75e99c30
Event: 9.094 Thread 0x000001ae75e99c30 Thread exited: 0x000001ae75e99c30
Event: 9.288 Thread 0x000001ae75e99720 Thread exited: 0x000001ae75e99720


Dynamic libraries:
0x00007ff69c010000 - 0x00007ff69c020000 	C:\Program Files\Java\jdk-17.0.1\bin\java.exe
0x00007ffb4dbf0000 - 0x00007ffb4dde5000 	C:\WINDOWS\SYSTEM32\ntdll.dll
0x00007ffb4daf0000 - 0x00007ffb4dbae000 	C:\WINDOWS\System32\KERNEL32.DLL
0x00007ffb4b540000 - 0x00007ffb4b808000 	C:\WINDOWS\System32\KERNELBASE.dll
0x00007ffb4bb50000 - 0x00007ffb4bc50000 	C:\WINDOWS\System32\ucrtbase.dll
0x00007ffb45430000 - 0x00007ffb4544a000 	C:\Program Files\Java\jdk-17.0.1\bin\VCRUNTIME140.dll
0x00007ffb3c3f0000 - 0x00007ffb3c408000 	C:\Program Files\Java\jdk-17.0.1\bin\jli.dll
0x00007ffb4d8a0000 - 0x00007ffb4d94e000 	C:\WINDOWS\System32\ADVAPI32.dll
0x00007ffb4da50000 - 0x00007ffb4daee000 	C:\WINDOWS\System32\msvcrt.dll
0x00007ffb4cd60000 - 0x00007ffb4cdfc000 	C:\WINDOWS\System32\sechost.dll
0x00007ffb4d770000 - 0x00007ffb4d895000 	C:\WINDOWS\System32\RPCRT4.dll
0x00007ffb4bd00000 - 0x00007ffb4bea0000 	C:\WINDOWS\System32\USER32.dll
0x00007ffb3a8b0000 - 0x00007ffb3ab4a000 	C:\WINDOWS\WinSxS\amd64_microsoft.windows.common-controls_6595b64144ccf1df_6.0.19041.1110_none_60b5254171f9507e\COMCTL32.dll
0x00007ffb4b880000 - 0x00007ffb4b8a2000 	C:\WINDOWS\System32\win32u.dll
0x00007ffb4cd30000 - 0x00007ffb4cd5a000 	C:\WINDOWS\System32\GDI32.dll
0x00007ffb4b960000 - 0x00007ffb4ba6b000 	C:\WINDOWS\System32\gdi32full.dll
0x00007ffb4b340000 - 0x00007ffb4b3dd000 	C:\WINDOWS\System32\msvcp_win.dll
0x00007ffb42580000 - 0x00007ffb4258a000 	C:\WINDOWS\SYSTEM32\VERSION.dll
0x00007ffb4cca0000 - 0x00007ffb4ccd0000 	C:\WINDOWS\System32\IMM32.DLL
0x00007ffb3c3c0000 - 0x00007ffb3c3cc000 	C:\Program Files\Java\jdk-17.0.1\bin\vcruntime140_1.dll
0x00007ffb11b40000 - 0x00007ffb11bcd000 	C:\Program Files\Java\jdk-17.0.1\bin\msvcp140.dll
0x00007ffaeb540000 - 0x00007ffaec0fe000 	C:\Program Files\Java\jdk-17.0.1\bin\server\jvm.dll
0x00007ffb4c410000 - 0x00007ffb4c418000 	C:\WINDOWS\System32\PSAPI.DLL
0x00007ffb31840000 - 0x00007ffb31849000 	C:\WINDOWS\SYSTEM32\WSOCK32.dll
0x00007ffb4cfe0000 - 0x00007ffb4d04b000 	C:\WINDOWS\System32\WS2_32.dll
0x00007ffb412c0000 - 0x00007ffb412e7000 	C:\WINDOWS\SYSTEM32\WINMM.dll
0x00007ffb49bc0000 - 0x00007ffb49bd2000 	C:\WINDOWS\SYSTEM32\kernel.appcore.dll
0x00007ffb3a7a0000 - 0x00007ffb3a7aa000 	C:\Program Files\Java\jdk-17.0.1\bin\jimage.dll
0x00007ffb49210000 - 0x00007ffb493f4000 	C:\WINDOWS\SYSTEM32\DBGHELP.DLL
0x00007ffb34010000 - 0x00007ffb3403c000 	C:\WINDOWS\SYSTEM32\dbgcore.DLL
0x00007ffb4ba70000 - 0x00007ffb4baf2000 	C:\WINDOWS\System32\bcryptPrimitives.dll
0x00007ffb15270000 - 0x00007ffb152ab000 	C:\Program Files\Java\jdk-17.0.1\bin\jdwp.dll
0x00007ffb1a940000 - 0x00007ffb1a965000 	C:\Program Files\Java\jdk-17.0.1\bin\java.dll
0x00007ffb10940000 - 0x00007ffb10a16000 	C:\Program Files\Java\jdk-17.0.1\bin\svml.dll
0x00007ffb4c540000 - 0x00007ffb4cc84000 	C:\WINDOWS\System32\SHELL32.dll
0x00007ffb49410000 - 0x00007ffb49ba4000 	C:\WINDOWS\SYSTEM32\windows.storage.dll
0x00007ffb4bea0000 - 0x00007ffb4c1f4000 	C:\WINDOWS\System32\combase.dll
0x00007ffb4ad10000 - 0x00007ffb4ad3c000 	C:\WINDOWS\SYSTEM32\Wldp.dll
0x00007ffb4ce00000 - 0x00007ffb4cead000 	C:\WINDOWS\System32\SHCORE.dll
0x00007ffb4c3b0000 - 0x00007ffb4c405000 	C:\WINDOWS\System32\shlwapi.dll
0x00007ffb4b250000 - 0x00007ffb4b26f000 	C:\WINDOWS\SYSTEM32\profapi.dll
0x00007ffb39080000 - 0x00007ffb3908c000 	C:\Program Files\Java\jdk-17.0.1\bin\dt_socket.dll
0x00007ffb4a700000 - 0x00007ffb4a73b000 	C:\WINDOWS\SYSTEM32\IPHLPAPI.DLL
0x00007ffb4aa70000 - 0x00007ffb4aada000 	C:\WINDOWS\system32\mswsock.dll
0x00007ffb4a740000 - 0x00007ffb4a80b000 	C:\WINDOWS\SYSTEM32\DNSAPI.dll
0x00007ffb4cc90000 - 0x00007ffb4cc98000 	C:\WINDOWS\System32\NSI.dll
0x00007ffb3c2f0000 - 0x00007ffb3c2fa000 	C:\Windows\System32\rasadhlp.dll
0x00007ffb3c010000 - 0x00007ffb3c08f000 	C:\WINDOWS\System32\fwpuclnt.dll
0x00007ffb4b310000 - 0x00007ffb4b337000 	C:\WINDOWS\System32\bcrypt.dll
0x00007ffb22010000 - 0x00007ffb22029000 	C:\Program Files\Java\jdk-17.0.1\bin\net.dll
0x00007ffb3c910000 - 0x00007ffb3ca1a000 	C:\WINDOWS\SYSTEM32\WINHTTP.dll
0x00007ffb179a0000 - 0x00007ffb179b5000 	C:\Program Files\Java\jdk-17.0.1\bin\nio.dll
0x00007ffb13de0000 - 0x00007ffb13df8000 	C:\Program Files\Java\jdk-17.0.1\bin\zip.dll
0x00007ffaff7c0000 - 0x00007ffaff94f000 	C:\Program Files\Java\jdk-17.0.1\bin\awt.dll
0x00007ffb4ceb0000 - 0x00007ffb4cf7d000 	C:\WINDOWS\System32\OLEAUT32.dll
0x00007ffb488c0000 - 0x00007ffb48950000 	C:\WINDOWS\SYSTEM32\apphelp.dll
0x00007ffb48a90000 - 0x00007ffb48b2e000 	C:\WINDOWS\system32\uxtheme.dll
0x00007ffb4c420000 - 0x00007ffb4c535000 	C:\WINDOWS\System32\MSCTF.dll
0x00007ffb4d130000 - 0x00007ffb4d25a000 	C:\WINDOWS\System32\ole32.dll
0x00007ffb48c80000 - 0x00007ffb48caf000 	C:\WINDOWS\system32\DWMAPI.DLL
0x00007ffb10810000 - 0x00007ffb10936000 	C:\WINDOWS\system32\opengl32.dll
0x00007ffb13db0000 - 0x00007ffb13ddc000 	C:\WINDOWS\SYSTEM32\GLU32.dll
0x00007ffb434d0000 - 0x00007ffb4369f000 	C:\WINDOWS\system32\d3d9.dll
0x00007ffb412f0000 - 0x00007ffb414cb000 	C:\WINDOWS\System32\DriverStore\FileRepository\u0357176.inf_amd64_828ff99cacd4aa89\B356563\aticfx64.dll
0x00007ffb44f90000 - 0x00007ffb44fc3000 	C:\WINDOWS\System32\DriverStore\FileRepository\u0357176.inf_amd64_828ff99cacd4aa89\B356563\atiu9p64.dll
0x00007ffaf5550000 - 0x00007ffaf61e6000 	C:\WINDOWS\System32\DriverStore\FileRepository\u0357176.inf_amd64_828ff99cacd4aa89\B356563\atiumd64.dll
0x00000000768f0000 - 0x000000007776d000 	C:\WINDOWS\System32\DriverStore\FileRepository\u0357176.inf_amd64_828ff99cacd4aa89\B356563\atiumd6a.dll
0x00007ffb4aeb0000 - 0x00007ffb4aefb000 	C:\WINDOWS\SYSTEM32\POWRPROF.dll
0x00007ffb4adb0000 - 0x00007ffb4adc2000 	C:\WINDOWS\SYSTEM32\UMPDC.dll
0x00007ffb41230000 - 0x00007ffb4125f000 	C:\WINDOWS\SYSTEM32\amdihk64.dll
0x00007ffb41630000 - 0x00007ffb4166b000 	C:\WINDOWS\SYSTEM32\dxcore.dll
0x00007ffb4bb00000 - 0x00007ffb4bb4e000 	C:\WINDOWS\System32\cfgmgr32.dll
0x00007ffb4ac70000 - 0x00007ffb4ac88000 	C:\WINDOWS\SYSTEM32\CRYPTSP.dll
0x00007ffb4a390000 - 0x00007ffb4a3c4000 	C:\WINDOWS\system32\rsaenh.dll
0x00007ffb4b1d0000 - 0x00007ffb4b1fe000 	C:\WINDOWS\SYSTEM32\USERENV.dll
0x00007ffb4ac60000 - 0x00007ffb4ac6c000 	C:\WINDOWS\SYSTEM32\CRYPTBASE.dll
0x00007ffb42da0000 - 0x00007ffb42db7000 	C:\WINDOWS\SYSTEM32\dhcpcsvc6.DLL
0x00007ffb42d80000 - 0x00007ffb42d9d000 	C:\WINDOWS\SYSTEM32\dhcpcsvc.DLL
0x000000006e8c0000 - 0x000000006e8cd000 	C:\Users\johnl\AppData\Local\Temp\jogamp_0000\file_cache\jln15358962709224126429\jln13064770395471022763\natives\windows-amd64\gluegen_rt.dll
0x00007ffb2d1c0000 - 0x00007ffb2d1c7000 	C:\Program Files\Java\jdk-17.0.1\bin\jawt.dll
0x000000006a440000 - 0x000000006a44d000 	C:\Users\johnl\AppData\Local\Temp\jogamp_0000\file_cache\jln15358962709224126429\jln13064770395471022763\natives\windows-amd64\nativewindow_awt.dll
0x000000006c100000 - 0x000000006c110000 	C:\Users\johnl\AppData\Local\Temp\jogamp_0000\file_cache\jln15358962709224126429\jln13064770395471022763\natives\windows-amd64\nativewindow_win32.dll
0x0000000070d80000 - 0x0000000070d93000 	C:\Users\johnl\AppData\Local\Temp\jogamp_0000\file_cache\jln15358962709224126429\jln13064770395471022763\natives\windows-amd64\newt_head.dll
0x00007ffb45770000 - 0x00007ffb4581e000 	C:\WINDOWS\SYSTEM32\mscms.dll
0x00007ffb45620000 - 0x00007ffb45631000 	C:\WINDOWS\SYSTEM32\ColorAdapterClient.dll
0x00007ffb12140000 - 0x00007ffb12183000 	C:\WINDOWS\SYSTEM32\icm32.dll
0x00007ffb4d260000 - 0x00007ffb4d6ca000 	C:\WINDOWS\System32\setupapi.dll
0x00007ffb4b0c0000 - 0x00007ffb4b0ec000 	C:\WINDOWS\SYSTEM32\DEVOBJ.dll
0x00007ffb4b810000 - 0x00007ffb4b878000 	C:\WINDOWS\System32\WINTRUST.dll
0x00007ffb4b3e0000 - 0x00007ffb4b536000 	C:\WINDOWS\System32\CRYPT32.dll
0x00007ffb4af00000 - 0x00007ffb4af12000 	C:\WINDOWS\SYSTEM32\MSASN1.dll
0x0000000064500000 - 0x0000000064585000 	C:\Users\johnl\AppData\Local\Temp\jogamp_0000\file_cache\jln15358962709224126429\jln13064770395471022763\natives\windows-amd64\jogl_desktop.dll
0x0000000064340000 - 0x0000000064391000 	C:\Users\johnl\AppData\Local\Temp\jogamp_0000\file_cache\jln15358962709224126429\jln13064770395471022763\natives\windows-amd64\jogl_mobile.dll
0x00007ffb4bc50000 - 0x00007ffb4bcf9000 	C:\WINDOWS\System32\clbcatq.dll
0x00007ffb43f70000 - 0x00007ffb44067000 	C:\Windows\System32\AppXDeploymentClient.dll
0x00007ffb13d80000 - 0x00007ffb13daa000 	C:\WINDOWS\System32\DriverStore\FileRepository\u0357176.inf_amd64_828ff99cacd4aa89\B356563\atig6pxx.dll
0x00007ffae7fc0000 - 0x00007ffaeaca6000 	C:\WINDOWS\System32\DriverStore\FileRepository\u0357176.inf_amd64_828ff99cacd4aa89\B356563\atio6axx.dll
0x00007ffb18400000 - 0x00007ffb18424000 	C:\WINDOWS\SYSTEM32\dxva2.dll
0x00007ffb13960000 - 0x00007ffb1399c000 	C:\WINDOWS\System32\DriverStore\FileRepository\u0357176.inf_amd64_828ff99cacd4aa89\B356563\atig6txx.dll
0x00007ffafb310000 - 0x00007ffafb4c9000 	C:\WINDOWS\SYSTEM32\atiadlxx.dll
0x00007ffb46c20000 - 0x00007ffb46d16000 	C:\WINDOWS\SYSTEM32\PROPSYS.dll
0x00007ffb3e850000 - 0x00007ffb3e949000 	C:\WINDOWS\SYSTEM32\textinputframework.dll
0x00007ffb48240000 - 0x00007ffb4859e000 	C:\WINDOWS\System32\CoreUIComponents.dll
0x00007ffb485a0000 - 0x00007ffb48692000 	C:\WINDOWS\System32\CoreMessaging.dll
0x00007ffb4a020000 - 0x00007ffb4a053000 	C:\WINDOWS\SYSTEM32\ntmarta.dll
0x00007ffb46ee0000 - 0x00007ffb47034000 	C:\WINDOWS\SYSTEM32\wintypes.dll
0x00007ffb28180000 - 0x00007ffb28190000 	C:\Program Files\Java\jdk-17.0.1\bin\verify.dll
0x00007ffb12720000 - 0x00007ffb12731000 	C:\Program Files\Java\jdk-17.0.1\bin\jsound.dll
0x00007ffb0a670000 - 0x00007ffb0a70c000 	C:\WINDOWS\SYSTEM32\DSOUND.dll
0x00007ffb375d0000 - 0x00007ffb375f6000 	C:\WINDOWS\SYSTEM32\winmmbase.dll
0x00007ffb43290000 - 0x00007ffb43315000 	C:\WINDOWS\System32\MMDevApi.dll
0x00007ffb0a1b0000 - 0x00007ffb0a1f6000 	C:\WINDOWS\SYSTEM32\wdmaud.drv
0x00007ffb46ba0000 - 0x00007ffb46ba9000 	C:\WINDOWS\SYSTEM32\ksuser.dll
0x00007ffb45fb0000 - 0x00007ffb45fba000 	C:\WINDOWS\SYSTEM32\AVRT.dll
0x00007ffb43320000 - 0x00007ffb434a2000 	C:\WINDOWS\SYSTEM32\AUDIOSES.DLL
0x00007ffb22aa0000 - 0x00007ffb22aad000 	C:\WINDOWS\SYSTEM32\msacm32.drv
0x00007ffb1ca20000 - 0x00007ffb1ca3e000 	C:\WINDOWS\SYSTEM32\MSACM32.dll
0x00007ffb221d0000 - 0x00007ffb221db000 	C:\WINDOWS\SYSTEM32\midimap.dll
0x00007ffb3d250000 - 0x00007ffb3d391000 	C:\Windows\System32\Windows.UI.dll
0x00007ffb3cad0000 - 0x00007ffb3cc22000 	C:\Windows\System32\InputHost.dll
0x00007ffb45380000 - 0x00007ffb45421000 	C:\Windows\System32\WindowManagementAPI.dll
0x00007ffb45d60000 - 0x00007ffb45f61000 	C:\WINDOWS\SYSTEM32\twinapi.appcore.dll
0x00007ffb48b80000 - 0x00007ffb48b94000 	C:\WINDOWS\SYSTEM32\resourcepolicyclient.dll
0x00007ffaf4f10000 - 0x00007ffaf50e9000 	C:\Users\johnl\AppData\Local\Discord\app-1.0.9004\modules\discord_hook-1\discord_hook\651ad00fcd2\DiscordHook64.dll
0x00007ffb49c30000 - 0x00007ffb49d23000 	C:\WINDOWS\SYSTEM32\dxgi.dll
0x00007ffb47600000 - 0x00007ffb47864000 	C:\WINDOWS\SYSTEM32\d3d11.dll
0x00007ffb41280000 - 0x00007ffb412b8000 	C:\WINDOWS\System32\DriverStore\FileRepository\u0357176.inf_amd64_828ff99cacd4aa89\B356563\atiuxp64.dll
0x00007ffb3f910000 - 0x00007ffb41210000 	C:\WINDOWS\System32\DriverStore\FileRepository\u0357176.inf_amd64_828ff99cacd4aa89\B356563\atidxx64.dll

dbghelp: loaded successfully - version: 4.0.5 - missing functions: none
symbol engine: initialized successfully - sym options: 0x614 - pdb path: .;C:\Program Files\Java\jdk-17.0.1\bin;C:\WINDOWS\SYSTEM32;C:\WINDOWS\WinSxS\amd64_microsoft.windows.common-controls_6595b64144ccf1df_6.0.19041.1110_none_60b5254171f9507e;C:\Program Files\Java\jdk-17.0.1\bin\server;C:\WINDOWS\System32\DriverStore\FileRepository\u0357176.inf_amd64_828ff99cacd4aa89\B356563;C:\Users\johnl\AppData\Local\Temp\jogamp_0000\file_cache\jln15358962709224126429\jln13064770395471022763\natives\windows-amd64;C:\Users\johnl\AppData\Local\Discord\app-1.0.9004\modules\discord_hook-1\discord_hook\651ad00fcd2

VM Arguments:
jvm_args: -agentlib:jdwp=transport=dt_socket,server=n,suspend=y,address=localhost:49397 -XX:+ShowCodeDetailsInExceptionMessages 
java_command: ie.tudublin.Main
java_class_path (initial): C:\OOP ASSIGNMENT\OOP-Assignment\java\bin;C:\OOP ASSIGNMENT\OOP-Assignment\java\lib\core.jar;C:\OOP ASSIGNMENT\OOP-Assignment\java\lib\jl1.0.1.jar;C:\OOP ASSIGNMENT\OOP-Assignment\java\lib\jsminim.jar;C:\OOP ASSIGNMENT\OOP-Assignment\java\lib\minim.jar;C:\OOP ASSIGNMENT\OOP-Assignment\java\lib\mp3spi1.9.5.jar;C:\OOP ASSIGNMENT\OOP-Assignment\java\lib\sqlite-jdbc-3.23.1.jar;C:\OOP ASSIGNMENT\OOP-Assignment\java\lib\tritonus_aos.jar;C:\OOP ASSIGNMENT\OOP-Assignment\java\lib\tritonus_share.jar;C:\OOP ASSIGNMENT\OOP-Assignment\java\lib\jogl-all.jar;C:\OOP ASSIGNMENT\OOP-Assignment\java\lib\gluegen-rt.jar;C:\OOP ASSIGNMENT\OOP-Assignment\java\lib\gluegen-rt-natives-windows-amd64.jar;C:\OOP ASSIGNMENT\OOP-Assignment\java\lib\gluegen-rt-natives-windows-i586.jar;C:\OOP ASSIGNMENT\OOP-Assignment\java\lib\jogl-all-natives-windows-amd64.jar;C:\OOP ASSIGNMENT\OOP-Assignment\java\lib\jogl-all-natives-windows-i586.jar;C:\OOP ASSIGNMENT\OOP-Assignment\java\lib\gluegen-rt-natives-macosx-universal.jar;C:\OOP ASSIGNMENT\OOP-Assignment\java\lib\jogl-all-natives-macosx-universal.jar
Launcher Type: SUN_STANDARD

[Global flags]
     intx CICompilerCount                          = 4                                         {product} {ergonomic}
     uint ConcGCThreads                            = 3                                         {product} {ergonomic}
     uint G1ConcRefinementThreads                  = 10                                        {product} {ergonomic}
   size_t G1HeapRegionSize                         = 1048576                                   {product} {ergonomic}
    uintx GCDrainStackTargetSize                   = 64                                        {product} {ergonomic}
   size_t InitialHeapSize                          = 123731968                                 {product} {ergonomic}
   size_t MarkStackSize                            = 4194304                                   {product} {ergonomic}
   size_t MaxHeapSize                              = 1979711488                                {product} {ergonomic}
   size_t MaxNewSize                               = 1186988032                                {product} {ergonomic}
   size_t MinHeapDeltaBytes                        = 1048576                                   {product} {ergonomic}
   size_t MinHeapSize                              = 8388608                                   {product} {ergonomic}
    uintx NonNMethodCodeHeapSize                   = 5839372                                {pd product} {ergonomic}
    uintx NonProfiledCodeHeapSize                  = 122909434                              {pd product} {ergonomic}
    uintx ProfiledCodeHeapSize                     = 122909434                              {pd product} {ergonomic}
    uintx ReservedCodeCacheSize                    = 251658240                              {pd product} {ergonomic}
     bool SegmentedCodeCache                       = true                                      {product} {ergonomic}
     bool ShowCodeDetailsInExceptionMessages       = true                                   {manageable} {command line}
   size_t SoftMaxHeapSize                          = 1979711488                             {manageable} {ergonomic}
     bool UseCompressedClassPointers               = true                           {product lp64_product} {ergonomic}
     bool UseCompressedOops                        = true                           {product lp64_product} {ergonomic}
     bool UseG1GC                                  = true                                      {product} {ergonomic}
     bool UseLargePagesIndividualAllocation        = false                                  {pd product} {ergonomic}

Logging:
Log output configuration:
 #0: stdout all=warning uptime,level,tags
 #1: stderr all=off uptime,level,tags

Environment Variables:
PATH=C:\Program Files\Common Files\Oracle\Java\javapath;C:\Program Files (x86)\Common Files\Oracle\Java\javapath;C:\app\johnl\product\18.0.0\dbhomeXE\bin;C:\Windows\system32;C:\Windows;C:\Windows\System32\Wbem;C:\Windows\System32\WindowsPowerShell\v1.0\;C:\Windows\System32\OpenSSH\;C:\Program Files (x86)\NVIDIA Corporation\PhysX\Common;C:\Program Files\NVIDIA Corporation\NVIDIA NvDLISR;C:\WINDOWS\system32;C:\WINDOWS;C:\WINDOWS\System32\Wbem;C:\WINDOWS\System32\WindowsPowerShell\v1.0\;C:\WINDOWS\System32\OpenSSH\;C:\Program Files\Git\cmd;C:\app\johnl\product\18.0.0\dbhomeXE\bin;C:\Windows\system32;C:\Windows;C:\Windows\System32\Wbem;C:\Windows\System32\WindowsPowerShell\v1.0\;C:\Windows\System32\OpenSSH\;C:\Program Files (x86)\NVIDIA Corporation\PhysX\Common;C:\Program Files\NVIDIA Corporation\NVIDIA NvDLISR;C:\Users\johnl\AppData\Local\Microsoft\WindowsApps;;C:\Program Files\JetBrains\PyCharm Community Edition 2021.2.2\bin;C:\MINGW\bin;C:\Users\johnl\AppData\Local\Microsoft\WindowsApps;C:\Users\johnl\AppData\Local\Programs\Microsoft VS Code\bin
USERNAME=johnl
LANG=en_GB.UTF-8
OS=Windows_NT
PROCESSOR_IDENTIFIER=AMD64 Family 23 Model 96 Stepping 1, AuthenticAMD



---------------  S Y S T E M  ---------------

OS:
 Windows 10 , 64 bit Build 19041 (10.0.19041.1645)
OS uptime: 1 days 8:00 hours

CPU: total 12 (initial active 12) (12 cores per cpu, 2 threads per core) family 23 model 96 stepping 1 microcode 0x0, cx8, cmov, fxsr, ht, mmx, 3dnowpref, sse, sse2, sse3, ssse3, sse4a, sse4.1, sse4.2, popcnt, lzcnt, tsc, tscinvbit, avx, avx2, aes, clmul, bmi1, bmi2, adx, sha, fma, vzeroupper, clflush, clflushopt

Memory: 4k page, system-wide physical 7549M (300M free)
TotalPageFile size 20389M (AvailPageFile size 2078M)
current process WorkingSet (physical memory assigned to process): 919M, peak: 1538M
current process commit charge ("private bytes"): 3720M, peak: 3720M

vm_info: Java HotSpot(TM) 64-Bit Server VM (17.0.1+12-LTS-39) for windows-amd64 JRE (17.0.1+12-LTS-39), built on Sep 27 2021 18:41:35 by "mach5one" with MS VC++ 16.8 (VS2019)

END.
