#
# A fatal error has been detected by the Java Runtime Environment:
#
#  EXCEPTION_ACCESS_VIOLATION (0xc0000005) at pc=0x00007ffae583402b, pid=16844, tid=17836
#
# JRE version: Java(TM) SE Runtime Environment (17.0.1+12) (build 17.0.1+12-LTS-39)
# Java VM: Java HotSpot(TM) 64-Bit Server VM (17.0.1+12-LTS-39, mixed mode, sharing, tiered, compressed oops, compressed class ptrs, g1 gc, windows-amd64)
# Problematic frame:
# C  [atio6axx.dll+0x16c402b]
#
# No core dump will be written. Minidumps are not enabled by default on client versions of Windows
#
# If you would like to submit a bug report, please visit:
#   https://bugreport.java.com/bugreport/crash.jsp
# The crash happened outside the Java Virtual Machine in native code.
# See problematic frame for where to report the bug.
#

---------------  S U M M A R Y ------------

Command Line: -agentlib:jdwp=transport=dt_socket,server=n,suspend=y,address=localhost:53863 -XX:+ShowCodeDetailsInExceptionMessages ie.tudublin.Main

Host: AMD Ryzen 5 4600H with Radeon Graphics         , 12 cores, 7G,  Windows 10 , 64 bit Build 19041 (10.0.19041.1645)
Time: Tue May  3 22:06:21 2022 GMT Summer Time elapsed time: 32.299106 seconds (0d 0h 0m 32s)

---------------  T H R E A D  ---------------

Current thread (0x00000153e39beae0):  JavaThread "main-FPSAWTAnimator#00-Timer0-FPSAWTAnimator#00-Timer1" [_thread_in_native, id=17836, stack(0x0000002e62700000,0x0000002e62800000)]

Stack: [0x0000002e62700000,0x0000002e62800000],  sp=0x0000002e627fd7b0,  free space=1013k
Native frames: (J=compiled Java code, j=interpreted, Vv=VM code, C=native code)
C  [atio6axx.dll+0x16c402b]

Java frames: (J=compiled Java code, j=interpreted, Vv=VM code)
j  jogamp.nativewindow.windows.GDI.SwapBuffers(J)Z+0
J 2111 c1 jogamp.opengl.windows.wgl.WindowsWGLDrawable.swapBuffersImpl(Z)V (153 bytes) @ 0x00000153c67a8e14 [0x00000153c67a8b80+0x0000000000000294]
J 2110 c1 jogamp.opengl.GLDrawableImpl.swapBuffers()V (138 bytes) @ 0x00000153c67a79c4 [0x00000153c67a7340+0x0000000000000684]
J 2104 c1 jogamp.opengl.GLDrawableHelper.invokeGLImpl(Lcom/jogamp/opengl/GLDrawable;Lcom/jogamp/opengl/GLContext;Ljava/lang/Runnable;Ljava/lang/Runnable;)V (579 bytes) @ 0x00000153c67a350c [0x00000153c67a2880+0x0000000000000c8c]
J 2103 c1 jogamp.opengl.GLDrawableHelper.invokeGL(Lcom/jogamp/opengl/GLDrawable;Lcom/jogamp/opengl/GLContext;Ljava/lang/Runnable;Ljava/lang/Runnable;)V (76 bytes) @ 0x00000153c67a2234 [0x00000153c67a2140+0x00000000000000f4]
j  com.jogamp.newt.opengl.GLWindow.display()V+90
J 2089 c1 com.jogamp.opengl.util.AWTAnimatorImpl.display(Ljava/util/ArrayList;ZZ)V (170 bytes) @ 0x00000153c678cd8c [0x00000153c678c4a0+0x00000000000008ec]
J 2087 c1 com.jogamp.opengl.util.FPSAnimator$MainTask.run()V (805 bytes) @ 0x00000153c6789c2c [0x00000153c6789400+0x000000000000082c]
j  java.util.TimerThread.mainLoop()V+221 java.base@17.0.1
j  java.util.TimerThread.run()V+1 java.base@17.0.1
v  ~StubRoutines::call_stub

siginfo: EXCEPTION_ACCESS_VIOLATION (0xc0000005), reading address 0x0000000000000040


Register to memory mapping:

RIP=0x00007ffae583402b atio6axx.dll
RAX=0x0000015471aaadf8 points into unknown readable memory: 0x00007ffae580e420 | 20 e4 80 e5 fa 7f 00 00
RBX=0x0 is NULL
RCX=0x0 is NULL
RDX=0x0 is NULL
RSP=0x0000002e627fd7b0 is pointing into the stack for thread: 0x00000153e39beae0
RBP=0x0000015471aaa950 points into unknown readable memory: 0x00007ffae6873f88 | 88 3f 87 e6 fa 7f 00 00
RSI=0x00000154791683c0 points into unknown readable memory: 0x00007ffae6873e38 | 38 3e 87 e6 fa 7f 00 00
RDI=0x0 is NULL
R8 =0x0 is NULL
R9 =0x0 is NULL
R10=0x00007ffae68773c8 atio6axx.dll
R11=0x0 is NULL
R12=0x0000000000000003 is an unknown value
R13=0x00000154716e5800 points into unknown readable memory: 0x00007ffae68773c8 | c8 73 87 e6 fa 7f 00 00
R14=0x0 is NULL
R15=0x0 is NULL


Registers:
RAX=0x0000015471aaadf8, RBX=0x0000000000000000, RCX=0x0000000000000000, RDX=0x0000000000000000
RSP=0x0000002e627fd7b0, RBP=0x0000015471aaa950, RSI=0x00000154791683c0, RDI=0x0000000000000000
R8 =0x0000000000000000, R9 =0x0000000000000000, R10=0x00007ffae68773c8, R11=0x0000000000000000
R12=0x0000000000000003, R13=0x00000154716e5800, R14=0x0000000000000000, R15=0x0000000000000000
RIP=0x00007ffae583402b, EFLAGS=0x0000000000010246

Top of Stack: (sp=0x0000002e627fd7b0)
0x0000002e627fd7b0:   0000000000000000 00000153bc3b1980
0x0000002e627fd7c0:   000000000000000c 00000153bc3b0000
0x0000002e627fd7d0:   00000154716e5800 00007ffae58b3c0e
0x0000002e627fd7e0:   0000000000000140 00000153bc3b0cc0
0x0000002e627fd7f0:   000001545f7d9320 0000000000000000
0x0000002e627fd800:   0000000000000000 0000000000000140
0x0000002e627fd810:   0000000000000130 0000000000000010
0x0000002e627fd820:   00000153bc420000 0000002e627fd8e9
0x0000002e627fd830:   0000000000000014 00007ffb4dc1b3c7
0x0000002e627fd840:   00000153bc3b0000 0000000000000000
0x0000002e627fd850:   0000000000000130 0000000000000000
0x0000002e627fd860:   0000000000000000 00000154791683c0
0x0000002e627fd870:   0000000000000000 00007ffae5862f1e
0x0000002e627fd880:   00000154716e5800 0000002e627fda00
0x0000002e627fd890:   0000000000000000 0000000000000000
0x0000002e627fd8a0:   0000000000001001 00007ffae586316b 

Instructions: (pc=0x00007ffae583402b)
0x00007ffae5833f2b:   00 ff ff ff ff 48 8b 87 60 05 00 00 c7 80 a4 11
0x00007ffae5833f3b:   00 00 ff ff ff ff 48 8b 87 60 05 00 00 c7 80 a8
0x00007ffae5833f4b:   11 00 00 ff ff ff ff 48 8b 87 60 05 00 00 c7 80
0x00007ffae5833f5b:   ac 11 00 00 ff ff ff ff 48 8b 87 60 05 00 00 4c
0x00007ffae5833f6b:   89 a8 b0 11 00 00 48 8b 87 60 05 00 00 4c 89 a8
0x00007ffae5833f7b:   b8 11 00 00 48 8b 87 60 05 00 00 c7 80 c0 11 00
0x00007ffae5833f8b:   00 ff ff ff ff 48 8b 87 60 05 00 00 c7 80 c4 11
0x00007ffae5833f9b:   00 00 ff ff ff ff 48 8b 87 60 05 00 00 44 89 a8
0x00007ffae5833fab:   cc 11 00 00 48 8b 87 60 05 00 00 44 89 a8 d0 11
0x00007ffae5833fbb:   00 00 48 8b 87 60 05 00 00 44 89 a8 e0 11 00 00
0x00007ffae5833fcb:   48 8b 87 60 05 00 00 c7 80 d4 11 00 00 fe ff ff
0x00007ffae5833fdb:   ff 48 8b 87 60 05 00 00 c7 80 d8 11 00 00 ff ff
0x00007ffae5833feb:   ff ff 48 8b 87 60 05 00 00 c7 80 dc 11 00 00 ff
0x00007ffae5833ffb:   ff ff ff 44 89 ab 50 01 00 00 48 8b 47 40 c6 80
0x00007ffae583400b:   44 01 00 00 00 48 83 c4 40 41 5d 5f 5b c3 cc cc
0x00007ffae583401b:   cc cc cc cc cc 40 53 48 83 ec 20 48 8b d9 33 d2
0x00007ffae583402b:   48 8b 49 40 48 8b 01 ff 50 18 48 8b 43 40 33 c9
0x00007ffae583403b:   c7 80 34 01 00 00 01 00 00 00 48 8b 83 48 04 00
0x00007ffae583404b:   00 48 89 8b 30 04 00 00 48 89 8b 38 04 00 00 48
0x00007ffae583405b:   89 8b 48 04 00 00 48 89 8b 40 04 00 00 48 83 c4
0x00007ffae583406b:   20 5b c3 cc cc 48 89 5c 24 18 55 56 41 56 48 83
0x00007ffae583407b:   ec 20 45 33 f6 41 c6 80 38 01 00 00 01 4d 89 b0
0x00007ffae583408b:   48 01 00 00 be ff ff ff ff 45 89 b0 50 01 00 00
0x00007ffae583409b:   4d 8b d9 45 88 b0 72 01 00 00 49 8b d8 4d 89 b0
0x00007ffae58340ab:   78 01 00 00 48 8b ea 4d 89 b0 80 01 00 00 41 c6
0x00007ffae58340bb:   80 44 01 00 00 01 4d 89 70 18 4d 89 70 28 49 89
0x00007ffae58340cb:   70 38 4d 89 70 50 4d 89 70 60 49 89 70 70 4d 89
0x00007ffae58340db:   b0 88 00 00 00 4d 89 b0 98 00 00 00 49 89 b0 a8
0x00007ffae58340eb:   00 00 00 4d 89 b0 c0 00 00 00 4d 89 b0 d0 00 00
0x00007ffae58340fb:   00 49 89 b0 e0 00 00 00 48 89 7c 24 40 41 8b fe
0x00007ffae583410b:   45 39 b1 80 00 00 00 0f 86 7f 00 00 00 4c 89 7c
0x00007ffae583411b:   24 48 41 bf 00 01 00 00 44 8b d7 4b 63 44 93 50 


Stack slot to memory mapping:
stack at sp + 0 slots: 0x0 is NULL
stack at sp + 1 slots: 0x00000153bc3b1980 points into unknown readable memory: 0x00000153bc3b0cc0 | c0 0c 3b bc 53 01 00 00
stack at sp + 2 slots: 0x000000000000000c is an unknown value
stack at sp + 3 slots: 0x00000153bc3b0000 points into unknown readable memory: 0x0000000000000000 | 00 00 00 00 00 00 00 00
stack at sp + 4 slots: 0x00000154716e5800 points into unknown readable memory: 0x00007ffae68773c8 | c8 73 87 e6 fa 7f 00 00
stack at sp + 5 slots: 0x00007ffae58b3c0e atio6axx.dll
stack at sp + 6 slots: 0x0000000000000140 is an unknown value
stack at sp + 7 slots: 0x00000153bc3b0cc0 points into unknown readable memory: 0x0000000006370000 | 00 00 37 06 00 00 00 00


---------------  P R O C E S S  ---------------

Threads class SMR info:
_java_thread_list=0x00000153e6db65a0, length=24, elements={
0x00000153dc4faf10, 0x00000153dc4fe330, 0x00000153dc514de0, 0x00000153dc5167a0,
0x00000153dc51a140, 0x00000153dc51ef00, 0x00000153dc5489f0, 0x00000153dc5496a0,
0x00000153dc55c770, 0x00000153dd0e9410, 0x00000153dd0ed2d0, 0x00000153dd0ef7d0,
0x00000153dd0fff30, 0x00000153dd1048d0, 0x00000153dd771030, 0x00000153dd773760,
0x00000153dde701c0, 0x00000153e2f4f0c0, 0x00000153e39edfe0, 0x00000153e39be560,
0x00000153be58f5c0, 0x00000153e39beae0, 0x00000153e39c1b00, 0x00000153e39befb0
}

Java Threads: ( => current thread )
  0x00000153dc4faf10 JavaThread "Reference Handler" daemon [_thread_blocked, id=13472, stack(0x0000002e5fd00000,0x0000002e5fe00000)]
  0x00000153dc4fe330 JavaThread "Finalizer" daemon [_thread_blocked, id=10024, stack(0x0000002e5fe00000,0x0000002e5ff00000)]
  0x00000153dc514de0 JavaThread "Signal Dispatcher" daemon [_thread_blocked, id=13928, stack(0x0000002e5ff00000,0x0000002e60000000)]
  0x00000153dc5167a0 JavaThread "Attach Listener" daemon [_thread_blocked, id=8260, stack(0x0000002e60000000,0x0000002e60100000)]
  0x00000153dc51a140 JavaThread "Service Thread" daemon [_thread_blocked, id=4348, stack(0x0000002e60100000,0x0000002e60200000)]
  0x00000153dc51ef00 JavaThread "Monitor Deflation Thread" daemon [_thread_blocked, id=19156, stack(0x0000002e60200000,0x0000002e60300000)]
  0x00000153dc5489f0 JavaThread "C2 CompilerThread0" daemon [_thread_blocked, id=9736, stack(0x0000002e60300000,0x0000002e60400000)]
  0x00000153dc5496a0 JavaThread "C1 CompilerThread0" daemon [_thread_blocked, id=7044, stack(0x0000002e60400000,0x0000002e60500000)]
  0x00000153dc55c770 JavaThread "Sweeper thread" daemon [_thread_blocked, id=13960, stack(0x0000002e60500000,0x0000002e60600000)]
  0x00000153dd0e9410 JavaThread "JDWP Transport Listener: dt_socket" daemon [_thread_blocked, id=13144, stack(0x0000002e60600000,0x0000002e60700000)]
  0x00000153dd0ed2d0 JavaThread "JDWP Event Helper Thread" daemon [_thread_blocked, id=17584, stack(0x0000002e60700000,0x0000002e60800000)]
  0x00000153dd0ef7d0 JavaThread "JDWP Command Reader" daemon [_thread_in_native, id=9108, stack(0x0000002e60800000,0x0000002e60900000)]
  0x00000153dd0fff30 JavaThread "Notification Thread" daemon [_thread_blocked, id=10768, stack(0x0000002e60900000,0x0000002e60a00000)]
  0x00000153dd1048d0 JavaThread "Common-Cleaner" daemon [_thread_blocked, id=1624, stack(0x0000002e60b00000,0x0000002e60c00000)]
  0x00000153dd771030 JavaThread "Java2D Disposer" daemon [_thread_blocked, id=13384, stack(0x0000002e60c00000,0x0000002e60d00000)]
  0x00000153dd773760 JavaThread "AWT-Windows" daemon [_thread_in_native, id=13556, stack(0x0000002e60e00000,0x0000002e60f00000)]
  0x00000153dde701c0 JavaThread "main-Display-.windows_nil-1-EDT-1" daemon [_thread_blocked, id=11096, stack(0x0000002e61a00000,0x0000002e61b00000)]
  0x00000153e2f4f0c0 JavaThread "main-SharedResourceRunner" daemon [_thread_blocked, id=2440, stack(0x0000002e61b00000,0x0000002e61c00000)]
  0x00000153e39edfe0 JavaThread "HighResTimerThread" daemon [_thread_blocked, id=13404, stack(0x0000002e62400000,0x0000002e62500000)]
  0x00000153e39be560 JavaThread "Thread-2" [_thread_blocked, id=8104, stack(0x0000002e62500000,0x0000002e62600000)]
  0x00000153be58f5c0 JavaThread "DestroyJavaVM" [_thread_blocked, id=11536, stack(0x0000002e5f600000,0x0000002e5f700000)]
=>0x00000153e39beae0 JavaThread "main-FPSAWTAnimator#00-Timer0-FPSAWTAnimator#00-Timer1" [_thread_in_native, id=17836, stack(0x0000002e62700000,0x0000002e62800000)]
  0x00000153e39c1b00 JavaThread "Java Sound Event Dispatcher" daemon [_thread_blocked, id=1524, stack(0x0000002e62a00000,0x0000002e62b00000)]
  0x00000153e39befb0 JavaThread "Thread-5" [_thread_blocked, id=19132, stack(0x0000002e62d00000,0x0000002e62e00000)]

Other Threads:
  0x00000153dc4f3b60 VMThread "VM Thread" [stack: 0x0000002e5fc00000,0x0000002e5fd00000] [id=12320]
  0x00000153be5e9780 WatcherThread [stack: 0x0000002e60a00000,0x0000002e60b00000] [id=12384]
  0x00000153be5cd0e0 GCTaskThread "GC Thread#0" [stack: 0x0000002e5f700000,0x0000002e5f800000] [id=18008]
  0x00000153e3c846e0 GCTaskThread "GC Thread#1" [stack: 0x0000002e60d00000,0x0000002e60e00000] [id=16444]
  0x00000153e3c836c0 GCTaskThread "GC Thread#2" [stack: 0x0000002e61900000,0x0000002e61a00000] [id=14328]
  0x00000153e3c83c20 GCTaskThread "GC Thread#3" [stack: 0x0000002e61d00000,0x0000002e61e00000] [id=11336]
  0x00000153e3c84180 GCTaskThread "GC Thread#4" [stack: 0x0000002e61e00000,0x0000002e61f00000] [id=9160]
  0x00000153e3c84990 GCTaskThread "GC Thread#5" [stack: 0x0000002e61f00000,0x0000002e62000000] [id=12928]
  0x00000153e3cde470 GCTaskThread "GC Thread#6" [stack: 0x0000002e62000000,0x0000002e62100000] [id=19364]
  0x00000153e3cdfca0 GCTaskThread "GC Thread#7" [stack: 0x0000002e62100000,0x0000002e62200000] [id=12284]
  0x00000153e3ce0200 GCTaskThread "GC Thread#8" [stack: 0x0000002e62200000,0x0000002e62300000] [id=13348]
  0x00000153e3ce04b0 GCTaskThread "GC Thread#9" [stack: 0x0000002e62300000,0x0000002e62400000] [id=2316]
  0x00000153be5dcc20 ConcurrentGCThread "G1 Main Marker" [stack: 0x0000002e5f800000,0x0000002e5f900000] [id=1604]
  0x00000153be5dddd0 ConcurrentGCThread "G1 Conc#0" [stack: 0x0000002e5f900000,0x0000002e5fa00000] [id=9892]
  0x00000153be65f9d0 ConcurrentGCThread "G1 Refine#0" [stack: 0x0000002e5fa00000,0x0000002e5fb00000] [id=16464]
  0x00000153be6603f0 ConcurrentGCThread "G1 Service" [stack: 0x0000002e5fb00000,0x0000002e5fc00000] [id=2748]

Threads with active compile tasks:

VM state: not at safepoint (normal execution)

VM Mutex/Monitor currently owned by a thread: None

Heap address: 0x000000008a000000, size: 1888 MB, Compressed Oops mode: 32-bit

CDS archive(s) mapped at: [0x0000000800000000-0x0000000800bc0000-0x0000000800bc0000), size 12320768, SharedBaseAddress: 0x0000000800000000, ArchiveRelocationMode: 0.
Compressed class space mapped at: 0x0000000800c00000-0x0000000840c00000, reserved size: 1073741824
Narrow klass base: 0x0000000800000000, Narrow klass shift: 0, Narrow klass range: 0x100000000

GC Precious Log:
 CPUs: 12 total, 12 available
 Memory: 7549M
 Large Page Support: Disabled
 NUMA Support: Disabled
 Compressed Oops: Enabled (32-bit)
 Heap Region Size: 1M
 Heap Min Capacity: 8M
 Heap Initial Capacity: 118M
 Heap Max Capacity: 1888M
 Pre-touch: Disabled
 Parallel Workers: 10
 Concurrent Workers: 3
 Concurrent Refinement Workers: 10
 Periodic GC: Disabled

Heap:
 garbage-first heap   total 120832K, used 60011K [0x000000008a000000, 0x0000000100000000)
  region size 1024K, 46 young (47104K), 5 survivors (5120K)
 Metaspace       used 14403K, committed 14592K, reserved 1064960K
  class space    used 1063K, committed 1152K, reserved 1048576K

Heap Regions: E=young(eden), S=young(survivor), O=old, HS=humongous(starts), HC=humongous(continues), CS=collection set, F=free, OA=open archive, CA=closed archive, TAMS=top-at-mark-start (previous, next)
|   0|0x000000008a000000, 0x000000008a100000, 0x000000008a100000|100%|HS|  |TAMS 0x000000008a000000, 0x000000008a000000| Complete 
|   1|0x000000008a100000, 0x000000008a200000, 0x000000008a200000|100%|HC|  |TAMS 0x000000008a100000, 0x000000008a100000| Complete 
|   2|0x000000008a200000, 0x000000008a300000, 0x000000008a300000|100%|HC|  |TAMS 0x000000008a200000, 0x000000008a200000| Complete 
|   3|0x000000008a300000, 0x000000008a400000, 0x000000008a400000|100%|HC|  |TAMS 0x000000008a300000, 0x000000008a300000| Complete 
|   4|0x000000008a400000, 0x000000008a400000, 0x000000008a500000|  0%| F|  |TAMS 0x000000008a400000, 0x000000008a400000| Untracked 
|   5|0x000000008a500000, 0x000000008a500000, 0x000000008a600000|  0%| F|  |TAMS 0x000000008a500000, 0x000000008a500000| Untracked 
|   6|0x000000008a600000, 0x000000008a600000, 0x000000008a700000|  0%| F|  |TAMS 0x000000008a600000, 0x000000008a600000| Untracked 
|   7|0x000000008a700000, 0x000000008a700000, 0x000000008a800000|  0%| F|  |TAMS 0x000000008a700000, 0x000000008a700000| Untracked 
|   8|0x000000008a800000, 0x000000008a800000, 0x000000008a900000|  0%| F|  |TAMS 0x000000008a800000, 0x000000008a800000| Untracked 
|   9|0x000000008a900000, 0x000000008a900000, 0x000000008aa00000|  0%| F|  |TAMS 0x000000008a900000, 0x000000008a900000| Untracked 
|  10|0x000000008aa00000, 0x000000008aa00000, 0x000000008ab00000|  0%| F|  |TAMS 0x000000008aa00000, 0x000000008aa00000| Untracked 
|  11|0x000000008ab00000, 0x000000008ab00000, 0x000000008ac00000|  0%| F|  |TAMS 0x000000008ab00000, 0x000000008ab00000| Untracked 
|  12|0x000000008ac00000, 0x000000008ac00000, 0x000000008ad00000|  0%| F|  |TAMS 0x000000008ac00000, 0x000000008ac00000| Untracked 
|  13|0x000000008ad00000, 0x000000008ad00000, 0x000000008ae00000|  0%| F|  |TAMS 0x000000008ad00000, 0x000000008ad00000| Untracked 
|  14|0x000000008ae00000, 0x000000008af00000, 0x000000008af00000|100%|HS|  |TAMS 0x000000008ae00000, 0x000000008ae00000| Complete 
|  15|0x000000008af00000, 0x000000008b000000, 0x000000008b000000|100%|HC|  |TAMS 0x000000008af00000, 0x000000008af00000| Complete 
|  16|0x000000008b000000, 0x000000008b100000, 0x000000008b100000|100%|HC|  |TAMS 0x000000008b000000, 0x000000008b000000| Complete 
|  17|0x000000008b100000, 0x000000008b200000, 0x000000008b200000|100%|HC|  |TAMS 0x000000008b100000, 0x000000008b100000| Complete 
|  18|0x000000008b200000, 0x000000008b300000, 0x000000008b300000|100%|HS|  |TAMS 0x000000008b200000, 0x000000008b200000| Complete 
|  19|0x000000008b300000, 0x000000008b400000, 0x000000008b400000|100%|HC|  |TAMS 0x000000008b300000, 0x000000008b300000| Complete 
|  20|0x000000008b400000, 0x000000008b500000, 0x000000008b500000|100%|HS|  |TAMS 0x000000008b400000, 0x000000008b400000| Complete 
|  21|0x000000008b500000, 0x000000008b600000, 0x000000008b600000|100%|HS|  |TAMS 0x000000008b500000, 0x000000008b500000| Complete 
|  22|0x000000008b600000, 0x000000008b700000, 0x000000008b700000|100%| O|  |TAMS 0x000000008b600000, 0x000000008b600000| Untracked 
|  23|0x000000008b700000, 0x000000008b800000, 0x000000008b800000|100%| O|  |TAMS 0x000000008b700000, 0x000000008b700000| Untracked 
|  24|0x000000008b800000, 0x000000008b88ae00, 0x000000008b900000| 54%| O|  |TAMS 0x000000008b800000, 0x000000008b800000| Untracked 
|  25|0x000000008b900000, 0x000000008b900000, 0x000000008ba00000|  0%| F|  |TAMS 0x000000008b900000, 0x000000008b900000| Untracked 
|  26|0x000000008ba00000, 0x000000008ba00000, 0x000000008bb00000|  0%| F|  |TAMS 0x000000008ba00000, 0x000000008ba00000| Untracked 
|  27|0x000000008bb00000, 0x000000008bb00000, 0x000000008bc00000|  0%| F|  |TAMS 0x000000008bb00000, 0x000000008bb00000| Untracked 
|  28|0x000000008bc00000, 0x000000008bc00000, 0x000000008bd00000|  0%| F|  |TAMS 0x000000008bc00000, 0x000000008bc00000| Untracked 
|  29|0x000000008bd00000, 0x000000008bd00000, 0x000000008be00000|  0%| F|  |TAMS 0x000000008bd00000, 0x000000008bd00000| Untracked 
|  30|0x000000008be00000, 0x000000008be00000, 0x000000008bf00000|  0%| F|  |TAMS 0x000000008be00000, 0x000000008be00000| Untracked 
|  31|0x000000008bf00000, 0x000000008bf00000, 0x000000008c000000|  0%| F|  |TAMS 0x000000008bf00000, 0x000000008bf00000| Untracked 
|  32|0x000000008c000000, 0x000000008c000000, 0x000000008c100000|  0%| F|  |TAMS 0x000000008c000000, 0x000000008c000000| Untracked 
|  33|0x000000008c100000, 0x000000008c100000, 0x000000008c200000|  0%| F|  |TAMS 0x000000008c100000, 0x000000008c100000| Untracked 
|  34|0x000000008c200000, 0x000000008c200000, 0x000000008c300000|  0%| F|  |TAMS 0x000000008c200000, 0x000000008c200000| Untracked 
|  35|0x000000008c300000, 0x000000008c300000, 0x000000008c400000|  0%| F|  |TAMS 0x000000008c300000, 0x000000008c300000| Untracked 
|  36|0x000000008c400000, 0x000000008c400000, 0x000000008c500000|  0%| F|  |TAMS 0x000000008c400000, 0x000000008c400000| Untracked 
|  37|0x000000008c500000, 0x000000008c500000, 0x000000008c600000|  0%| F|  |TAMS 0x000000008c500000, 0x000000008c500000| Untracked 
|  38|0x000000008c600000, 0x000000008c600000, 0x000000008c700000|  0%| F|  |TAMS 0x000000008c600000, 0x000000008c600000| Untracked 
|  39|0x000000008c700000, 0x000000008c700000, 0x000000008c800000|  0%| F|  |TAMS 0x000000008c700000, 0x000000008c700000| Untracked 
|  40|0x000000008c800000, 0x000000008c800000, 0x000000008c900000|  0%| F|  |TAMS 0x000000008c800000, 0x000000008c800000| Untracked 
|  41|0x000000008c900000, 0x000000008c900000, 0x000000008ca00000|  0%| F|  |TAMS 0x000000008c900000, 0x000000008c900000| Untracked 
|  42|0x000000008ca00000, 0x000000008ca00000, 0x000000008cb00000|  0%| F|  |TAMS 0x000000008ca00000, 0x000000008ca00000| Untracked 
|  43|0x000000008cb00000, 0x000000008cb00000, 0x000000008cc00000|  0%| F|  |TAMS 0x000000008cb00000, 0x000000008cb00000| Untracked 
|  44|0x000000008cc00000, 0x000000008cc00000, 0x000000008cd00000|  0%| F|  |TAMS 0x000000008cc00000, 0x000000008cc00000| Untracked 
|  45|0x000000008cd00000, 0x000000008cd00000, 0x000000008ce00000|  0%| F|  |TAMS 0x000000008cd00000, 0x000000008cd00000| Untracked 
|  46|0x000000008ce00000, 0x000000008ce00000, 0x000000008cf00000|  0%| F|  |TAMS 0x000000008ce00000, 0x000000008ce00000| Untracked 
|  47|0x000000008cf00000, 0x000000008cf00000, 0x000000008d000000|  0%| F|  |TAMS 0x000000008cf00000, 0x000000008cf00000| Untracked 
|  48|0x000000008d000000, 0x000000008d000000, 0x000000008d100000|  0%| F|  |TAMS 0x000000008d000000, 0x000000008d000000| Untracked 
|  49|0x000000008d100000, 0x000000008d100000, 0x000000008d200000|  0%| F|  |TAMS 0x000000008d100000, 0x000000008d100000| Untracked 
|  50|0x000000008d200000, 0x000000008d200000, 0x000000008d300000|  0%| F|  |TAMS 0x000000008d200000, 0x000000008d200000| Untracked 
|  51|0x000000008d300000, 0x000000008d300000, 0x000000008d400000|  0%| F|  |TAMS 0x000000008d300000, 0x000000008d300000| Untracked 
|  52|0x000000008d400000, 0x000000008d400000, 0x000000008d500000|  0%| F|  |TAMS 0x000000008d400000, 0x000000008d400000| Untracked 
|  53|0x000000008d500000, 0x000000008d500000, 0x000000008d600000|  0%| F|  |TAMS 0x000000008d500000, 0x000000008d500000| Untracked 
|  54|0x000000008d600000, 0x000000008d600000, 0x000000008d700000|  0%| F|  |TAMS 0x000000008d600000, 0x000000008d600000| Untracked 
|  55|0x000000008d700000, 0x000000008d700000, 0x000000008d800000|  0%| F|  |TAMS 0x000000008d700000, 0x000000008d700000| Untracked 
|  56|0x000000008d800000, 0x000000008d800000, 0x000000008d900000|  0%| F|  |TAMS 0x000000008d800000, 0x000000008d800000| Untracked 
|  57|0x000000008d900000, 0x000000008d900000, 0x000000008da00000|  0%| F|  |TAMS 0x000000008d900000, 0x000000008d900000| Untracked 
|  58|0x000000008da00000, 0x000000008da00000, 0x000000008db00000|  0%| F|  |TAMS 0x000000008da00000, 0x000000008da00000| Untracked 
|  59|0x000000008db00000, 0x000000008db00000, 0x000000008dc00000|  0%| F|  |TAMS 0x000000008db00000, 0x000000008db00000| Untracked 
|  60|0x000000008dc00000, 0x000000008dc00000, 0x000000008dd00000|  0%| F|  |TAMS 0x000000008dc00000, 0x000000008dc00000| Untracked 
|  61|0x000000008dd00000, 0x000000008dd00000, 0x000000008de00000|  0%| F|  |TAMS 0x000000008dd00000, 0x000000008dd00000| Untracked 
|  62|0x000000008de00000, 0x000000008de00000, 0x000000008df00000|  0%| F|  |TAMS 0x000000008de00000, 0x000000008de00000| Untracked 
|  63|0x000000008df00000, 0x000000008df00000, 0x000000008e000000|  0%| F|  |TAMS 0x000000008df00000, 0x000000008df00000| Untracked 
|  64|0x000000008e000000, 0x000000008e000000, 0x000000008e100000|  0%| F|  |TAMS 0x000000008e000000, 0x000000008e000000| Untracked 
|  65|0x000000008e100000, 0x000000008e100000, 0x000000008e200000|  0%| F|  |TAMS 0x000000008e100000, 0x000000008e100000| Untracked 
|  66|0x000000008e200000, 0x000000008e200000, 0x000000008e300000|  0%| F|  |TAMS 0x000000008e200000, 0x000000008e200000| Untracked 
|  67|0x000000008e300000, 0x000000008e300000, 0x000000008e400000|  0%| F|  |TAMS 0x000000008e300000, 0x000000008e300000| Untracked 
|  68|0x000000008e400000, 0x000000008e400000, 0x000000008e500000|  0%| F|  |TAMS 0x000000008e400000, 0x000000008e400000| Untracked 
|  69|0x000000008e500000, 0x000000008e500000, 0x000000008e600000|  0%| F|  |TAMS 0x000000008e500000, 0x000000008e500000| Untracked 
|  70|0x000000008e600000, 0x000000008e600000, 0x000000008e700000|  0%| F|  |TAMS 0x000000008e600000, 0x000000008e600000| Untracked 
|  71|0x000000008e700000, 0x000000008e700000, 0x000000008e800000|  0%| F|  |TAMS 0x000000008e700000, 0x000000008e700000| Untracked 
|  72|0x000000008e800000, 0x000000008e8b4218, 0x000000008e900000| 70%| E|  |TAMS 0x000000008e800000, 0x000000008e800000| Complete 
|  73|0x000000008e900000, 0x000000008ea00000, 0x000000008ea00000|100%| E|CS|TAMS 0x000000008e900000, 0x000000008e900000| Complete 
|  74|0x000000008ea00000, 0x000000008eb00000, 0x000000008eb00000|100%| E|CS|TAMS 0x000000008ea00000, 0x000000008ea00000| Complete 
|  75|0x000000008eb00000, 0x000000008ec00000, 0x000000008ec00000|100%| E|CS|TAMS 0x000000008eb00000, 0x000000008eb00000| Complete 
|  76|0x000000008ec00000, 0x000000008ed00000, 0x000000008ed00000|100%| E|CS|TAMS 0x000000008ec00000, 0x000000008ec00000| Complete 
|  77|0x000000008ed00000, 0x000000008ee00000, 0x000000008ee00000|100%| E|CS|TAMS 0x000000008ed00000, 0x000000008ed00000| Complete 
|  78|0x000000008ee00000, 0x000000008ee0fff0, 0x000000008ef00000|  6%| S|CS|TAMS 0x000000008ee00000, 0x000000008ee00000| Complete 
|  79|0x000000008ef00000, 0x000000008f000000, 0x000000008f000000|100%| S|CS|TAMS 0x000000008ef00000, 0x000000008ef00000| Complete 
|  80|0x000000008f000000, 0x000000008f100000, 0x000000008f100000|100%| S|CS|TAMS 0x000000008f000000, 0x000000008f000000| Complete 
|  81|0x000000008f100000, 0x000000008f200000, 0x000000008f200000|100%| S|CS|TAMS 0x000000008f100000, 0x000000008f100000| Complete 
|  82|0x000000008f200000, 0x000000008f300000, 0x000000008f300000|100%| S|CS|TAMS 0x000000008f200000, 0x000000008f200000| Complete 
|  83|0x000000008f300000, 0x000000008f400000, 0x000000008f400000|100%| E|CS|TAMS 0x000000008f300000, 0x000000008f300000| Complete 
|  84|0x000000008f400000, 0x000000008f500000, 0x000000008f500000|100%| E|CS|TAMS 0x000000008f400000, 0x000000008f400000| Complete 
|  85|0x000000008f500000, 0x000000008f600000, 0x000000008f600000|100%| E|CS|TAMS 0x000000008f500000, 0x000000008f500000| Complete 
|  86|0x000000008f600000, 0x000000008f700000, 0x000000008f700000|100%| E|CS|TAMS 0x000000008f600000, 0x000000008f600000| Complete 
|  87|0x000000008f700000, 0x000000008f800000, 0x000000008f800000|100%| E|CS|TAMS 0x000000008f700000, 0x000000008f700000| Complete 
|  88|0x000000008f800000, 0x000000008f900000, 0x000000008f900000|100%| E|CS|TAMS 0x000000008f800000, 0x000000008f800000| Complete 
|  89|0x000000008f900000, 0x000000008fa00000, 0x000000008fa00000|100%| E|CS|TAMS 0x000000008f900000, 0x000000008f900000| Complete 
|  90|0x000000008fa00000, 0x000000008fb00000, 0x000000008fb00000|100%| E|CS|TAMS 0x000000008fa00000, 0x000000008fa00000| Complete 
|  91|0x000000008fb00000, 0x000000008fc00000, 0x000000008fc00000|100%| E|CS|TAMS 0x000000008fb00000, 0x000000008fb00000| Complete 
|  92|0x000000008fc00000, 0x000000008fd00000, 0x000000008fd00000|100%| E|CS|TAMS 0x000000008fc00000, 0x000000008fc00000| Complete 
|  93|0x000000008fd00000, 0x000000008fe00000, 0x000000008fe00000|100%| E|CS|TAMS 0x000000008fd00000, 0x000000008fd00000| Complete 
|  94|0x000000008fe00000, 0x000000008ff00000, 0x000000008ff00000|100%| E|CS|TAMS 0x000000008fe00000, 0x000000008fe00000| Complete 
|  95|0x000000008ff00000, 0x0000000090000000, 0x0000000090000000|100%| E|CS|TAMS 0x000000008ff00000, 0x000000008ff00000| Complete 
|  96|0x0000000090000000, 0x0000000090100000, 0x0000000090100000|100%| E|CS|TAMS 0x0000000090000000, 0x0000000090000000| Complete 
|  97|0x0000000090100000, 0x0000000090200000, 0x0000000090200000|100%| E|CS|TAMS 0x0000000090100000, 0x0000000090100000| Complete 
|  98|0x0000000090200000, 0x0000000090300000, 0x0000000090300000|100%| E|CS|TAMS 0x0000000090200000, 0x0000000090200000| Complete 
|  99|0x0000000090300000, 0x0000000090400000, 0x0000000090400000|100%| E|CS|TAMS 0x0000000090300000, 0x0000000090300000| Complete 
| 100|0x0000000090400000, 0x0000000090500000, 0x0000000090500000|100%| E|CS|TAMS 0x0000000090400000, 0x0000000090400000| Complete 
| 101|0x0000000090500000, 0x0000000090600000, 0x0000000090600000|100%| E|CS|TAMS 0x0000000090500000, 0x0000000090500000| Complete 
| 102|0x0000000090600000, 0x0000000090700000, 0x0000000090700000|100%| E|CS|TAMS 0x0000000090600000, 0x0000000090600000| Complete 
| 103|0x0000000090700000, 0x0000000090800000, 0x0000000090800000|100%| E|CS|TAMS 0x0000000090700000, 0x0000000090700000| Complete 
| 104|0x0000000090800000, 0x0000000090900000, 0x0000000090900000|100%| E|CS|TAMS 0x0000000090800000, 0x0000000090800000| Complete 
| 105|0x0000000090900000, 0x0000000090a00000, 0x0000000090a00000|100%| E|CS|TAMS 0x0000000090900000, 0x0000000090900000| Complete 
| 106|0x0000000090a00000, 0x0000000090b00000, 0x0000000090b00000|100%| E|CS|TAMS 0x0000000090a00000, 0x0000000090a00000| Complete 
| 107|0x0000000090b00000, 0x0000000090c00000, 0x0000000090c00000|100%| E|CS|TAMS 0x0000000090b00000, 0x0000000090b00000| Complete 
| 108|0x0000000090c00000, 0x0000000090d00000, 0x0000000090d00000|100%| E|CS|TAMS 0x0000000090c00000, 0x0000000090c00000| Complete 
| 109|0x0000000090d00000, 0x0000000090e00000, 0x0000000090e00000|100%| E|CS|TAMS 0x0000000090d00000, 0x0000000090d00000| Complete 
| 110|0x0000000090e00000, 0x0000000090f00000, 0x0000000090f00000|100%| E|CS|TAMS 0x0000000090e00000, 0x0000000090e00000| Complete 
| 111|0x0000000090f00000, 0x0000000091000000, 0x0000000091000000|100%| E|CS|TAMS 0x0000000090f00000, 0x0000000090f00000| Complete 
| 112|0x0000000091000000, 0x0000000091100000, 0x0000000091100000|100%| E|CS|TAMS 0x0000000091000000, 0x0000000091000000| Complete 
| 113|0x0000000091100000, 0x0000000091200000, 0x0000000091200000|100%| E|CS|TAMS 0x0000000091100000, 0x0000000091100000| Complete 
| 114|0x0000000091200000, 0x0000000091300000, 0x0000000091300000|100%| E|CS|TAMS 0x0000000091200000, 0x0000000091200000| Complete 
| 115|0x0000000091300000, 0x0000000091400000, 0x0000000091400000|100%| E|CS|TAMS 0x0000000091300000, 0x0000000091300000| Complete 
| 116|0x0000000091400000, 0x0000000091500000, 0x0000000091500000|100%| E|CS|TAMS 0x0000000091400000, 0x0000000091400000| Complete 
| 117|0x0000000091500000, 0x0000000091600000, 0x0000000091600000|100%| E|CS|TAMS 0x0000000091500000, 0x0000000091500000| Complete 

Card table byte_map: [0x00000153d56b0000,0x00000153d5a60000] _byte_map_base: 0x00000153d5260000

Marking Bits (Prev, Next): (CMBitMap*) 0x00000153be5cd6f0, (CMBitMap*) 0x00000153be5cd730
 Prev Bits: [0x00000153d5e10000, 0x00000153d7b90000)
 Next Bits: [0x00000153d7b90000, 0x00000153d9910000)

Polling page: 0x00000153bdd70000

Metaspace:

Usage:
  Non-class:     13.03 MB used.
      Class:      1.04 MB used.
       Both:     14.07 MB used.

Virtual space:
  Non-class space:       16.00 MB reserved,      13.12 MB ( 82%) committed,  2 nodes.
      Class space:        1.00 GB reserved,       1.12 MB ( <1%) committed,  1 nodes.
             Both:        1.02 GB reserved,      14.25 MB (  1%) committed. 

Chunk freelists:
   Non-Class:  2.89 MB
       Class:  2.83 MB
        Both:  5.72 MB

MaxMetaspaceSize: unlimited
CompressedClassSpaceSize: 1.00 GB
Initial GC threshold: 21.00 MB
Current GC threshold: 21.00 MB
CDS: on
MetaspaceReclaimPolicy: balanced
 - commit_granule_bytes: 65536.
 - commit_granule_words: 8192.
 - virtual_space_node_default_size: 1048576.
 - enlarge_chunks_in_place: 1.
 - new_chunks_are_fully_committed: 0.
 - uncommit_free_chunks: 1.
 - use_allocation_guard: 0.
 - handle_deallocations: 1.


Internal statistics:

num_allocs_failed_limit: 0.
num_arena_births: 142.
num_arena_deaths: 0.
num_vsnodes_births: 3.
num_vsnodes_deaths: 0.
num_space_committed: 224.
num_space_uncommitted: 0.
num_chunks_returned_to_freelist: 0.
num_chunks_taken_from_freelist: 453.
num_chunk_merges: 0.
num_chunk_splits: 350.
num_chunks_enlarged: 282.
num_purges: 0.
num_inconsistent_stats: 0.

CodeHeap 'non-profiled nmethods': size=120000Kb used=1177Kb max_used=1177Kb free=118822Kb
 bounds [0x00000153cd870000, 0x00000153cdae0000, 0x00000153d4da0000]
CodeHeap 'profiled nmethods': size=120000Kb used=4530Kb max_used=4530Kb free=115469Kb
 bounds [0x00000153c6340000, 0x00000153c67b0000, 0x00000153cd870000]
CodeHeap 'non-nmethods': size=5760Kb used=1605Kb max_used=1642Kb free=4154Kb
 bounds [0x00000153c5da0000, 0x00000153c6010000, 0x00000153c6340000]
 total_blobs=3058 nmethods=2114 adapters=857
 compilation: enabled
              stopped_count=0, restarted_count=0
 full_count=0

Compilation events (20 events):
Event: 29.972 Thread 0x00000153dc5496a0 2111       3       jogamp.opengl.windows.wgl.WindowsWGLDrawable::swapBuffersImpl (153 bytes)
Event: 29.973 Thread 0x00000153dc5496a0 nmethod 2111 0x00000153c67a8990 code [0x00000153c67a8b80, 0x00000153c67a90b8]
Event: 30.080 Thread 0x00000153dc5496a0 2112       3       processing.opengl.PGraphicsOpenGL::invTranslate (24 bytes)
Event: 30.081 Thread 0x00000153dc5496a0 nmethod 2112 0x00000153c67a9290 code [0x00000153c67a9480, 0x00000153c67a9668]
Event: 30.081 Thread 0x00000153dc5496a0 2113       3       processing.core.PMatrix3D::preApply (613 bytes)
Event: 30.083 Thread 0x00000153dc5496a0 nmethod 2113 0x00000153c67a9790 code [0x00000153c67a9920, 0x00000153c67a9eb8]
Event: 31.619 Thread 0x00000153dc5496a0 2114  s    3       java.io.BufferedInputStream::available (35 bytes)
Event: 31.655 Thread 0x00000153dc5496a0 nmethod 2114 0x00000153c67a9f90 code [0x00000153c67aa160, 0x00000153c67aa5d8]
Event: 31.863 Thread 0x00000153dc5496a0 2115       3       com.jogamp.common.util.Bitfield$Util::bitCount (49 bytes)
Event: 31.869 Thread 0x00000153dc5496a0 nmethod 2115 0x00000153c67aa790 code [0x00000153c67aa920, 0x00000153c67aaa58]
Event: 31.957 Thread 0x00000153dc5496a0 2116       3       java.util.concurrent.locks.ReentrantLock::lock (8 bytes)
Event: 31.960 Thread 0x00000153dc5496a0 nmethod 2116 0x00000153c67aab10 code [0x00000153c67aacc0, 0x00000153c67aaf78]
Event: 31.960 Thread 0x00000153dc5496a0 2117       3       java.util.concurrent.locks.ReentrantLock$Sync::lock (13 bytes)
Event: 31.960 Thread 0x00000153dc5496a0 nmethod 2117 0x00000153c67ab090 code [0x00000153c67ab240, 0x00000153c67ab498]
Event: 31.960 Thread 0x00000153dc5496a0 2118       3       java.util.concurrent.locks.ReentrantLock$NonfairSync::initialTryLock (58 bytes)
Event: 31.964 Thread 0x00000153dc5496a0 nmethod 2118 0x00000153c67ab590 code [0x00000153c67ab780, 0x00000153c67abb98]
Event: 31.964 Thread 0x00000153dc5496a0 2119       3       java.util.concurrent.locks.ReentrantLock::unlock (10 bytes)
Event: 31.965 Thread 0x00000153dc5496a0 nmethod 2119 0x00000153c67abd10 code [0x00000153c67abee0, 0x00000153c67ac1b8]
Event: 32.029 Thread 0x00000153dc5496a0 2120       3       java.util.concurrent.locks.AbstractQueuedSynchronizer::signalNext (34 bytes)
Event: 32.031 Thread 0x00000153dc5496a0 nmethod 2120 0x00000153c67ac310 code [0x00000153c67ac4e0, 0x00000153c67ac7b8]

GC Heap History (4 events):
Event: 3.503 GC heap before
{Heap before GC invocations=0 (full 0):
 garbage-first heap   total 120832K, used 25600K [0x000000008a000000, 0x0000000100000000)
  region size 1024K, 23 young (23552K), 0 survivors (0K)
 Metaspace       used 11267K, committed 11520K, reserved 1064960K
  class space    used 815K, committed 960K, reserved 1048576K
}
Event: 3.516 GC heap after
{Heap after GC invocations=1 (full 0):
 garbage-first heap   total 120832K, used 3008K [0x000000008a000000, 0x0000000100000000)
  region size 1024K, 3 young (3072K), 3 survivors (3072K)
 Metaspace       used 11267K, committed 11520K, reserved 1064960K
  class space    used 815K, committed 960K, reserved 1048576K
}
Event: 7.475 GC heap before
{Heap before GC invocations=1 (full 0):
 garbage-first heap   total 120832K, used 57280K [0x000000008a000000, 0x0000000100000000)
  region size 1024K, 35 young (35840K), 3 survivors (3072K)
 Metaspace       used 14112K, committed 14272K, reserved 1064960K
  class space    used 1063K, committed 1152K, reserved 1048576K
}
Event: 7.481 GC heap after
{Heap after GC invocations=2 (full 0):
 garbage-first heap   total 120832K, used 19051K [0x000000008a000000, 0x0000000100000000)
  region size 1024K, 5 young (5120K), 5 survivors (5120K)
 Metaspace       used 14112K, committed 14272K, reserved 1064960K
  class space    used 1063K, committed 1152K, reserved 1048576K
}

Deoptimization events (20 events):
Event: 29.944 Thread 0x00000153e39beae0 DEOPT PACKING pc=0x00000153c6760e74 sp=0x0000002e627feea0
Event: 29.944 Thread 0x00000153e39beae0 DEOPT UNPACKING pc=0x00000153c5df2b43 sp=0x0000002e627fe358 mode 1
Event: 30.079 Thread 0x00000153e39beae0 DEOPT PACKING pc=0x00000153c6760e74 sp=0x0000002e627fee00
Event: 30.079 Thread 0x00000153e39beae0 DEOPT UNPACKING pc=0x00000153c5df2b43 sp=0x0000002e627fe2b8 mode 1
Event: 30.161 Thread 0x00000153e39beae0 DEOPT PACKING pc=0x00000153c6760e74 sp=0x0000002e627fee00
Event: 30.161 Thread 0x00000153e39beae0 DEOPT UNPACKING pc=0x00000153c5df2b43 sp=0x0000002e627fe2b8 mode 1
Event: 30.228 Thread 0x00000153e39beae0 DEOPT PACKING pc=0x00000153c6760e74 sp=0x0000002e627fee00
Event: 30.228 Thread 0x00000153e39beae0 DEOPT UNPACKING pc=0x00000153c5df2b43 sp=0x0000002e627fe2b8 mode 1
Event: 30.773 Thread 0x00000153e39beae0 DEOPT PACKING pc=0x00000153c6760e74 sp=0x0000002e627fee00
Event: 30.776 Thread 0x00000153e39beae0 DEOPT UNPACKING pc=0x00000153c5df2b43 sp=0x0000002e627fe2b8 mode 1
Event: 31.792 Thread 0x00000153e39beae0 DEOPT PACKING pc=0x00000153c6760e74 sp=0x0000002e627fee00
Event: 31.793 Thread 0x00000153e39beae0 DEOPT UNPACKING pc=0x00000153c5df2b43 sp=0x0000002e627fe2b8 mode 1
Event: 31.944 Thread 0x00000153e39beae0 DEOPT PACKING pc=0x00000153c6760e74 sp=0x0000002e627fee00
Event: 31.944 Thread 0x00000153e39beae0 DEOPT UNPACKING pc=0x00000153c5df2b43 sp=0x0000002e627fe2b8 mode 1
Event: 32.029 Thread 0x00000153e39beae0 DEOPT PACKING pc=0x00000153c6760e74 sp=0x0000002e627fee00
Event: 32.029 Thread 0x00000153e39beae0 DEOPT UNPACKING pc=0x00000153c5df2b43 sp=0x0000002e627fe2b8 mode 1
Event: 32.148 Thread 0x00000153e39beae0 DEOPT PACKING pc=0x00000153c6760e74 sp=0x0000002e627fee00
Event: 32.148 Thread 0x00000153e39beae0 DEOPT UNPACKING pc=0x00000153c5df2b43 sp=0x0000002e627fe2b8 mode 1
Event: 32.246 Thread 0x00000153e39beae0 DEOPT PACKING pc=0x00000153c6760e74 sp=0x0000002e627fee00
Event: 32.246 Thread 0x00000153e39beae0 DEOPT UNPACKING pc=0x00000153c5df2b43 sp=0x0000002e627fe2b8 mode 1

Classes unloaded (0 events):
No events

Classes redefined (0 events):
No events

Internal exceptions (16 events):
Event: 0.301 Thread 0x00000153be58f5c0 Exception <a 'java/lang/ClassNotFoundException'{0x0000000091381750}: sun/awt/resources/spi/awtProvider> (0x0000000091381750) 
thrown [t:\workspace\open\src\hotspot\share\classfile\systemDictionary.cpp, line 256]
Event: 0.349 Thread 0x00000153be58f5c0 Exception <a 'java/io/FileNotFoundException'{0x00000000913d75d8}> (0x00000000913d75d8) 
thrown [t:\workspace\open\src\hotspot\share\prims\jni.cpp, line 516]
Event: 0.359 Thread 0x00000153be58f5c0 Exception <a 'java/io/FileNotFoundException'{0x0000000091204ac8}> (0x0000000091204ac8) 
thrown [t:\workspace\open\src\hotspot\share\prims\jni.cpp, line 516]
Event: 0.416 Thread 0x00000153be58f5c0 Exception <a 'java/lang/NoSuchMethodError'{0x00000000912954d0}: 'java.lang.Object java.lang.invoke.DirectMethodHandle$Holder.invokeStaticInit(java.lang.Object)'> (0x00000000912954d0) 
thrown [t:\workspace\open\src\hotspot\share\interpreter\linkResolver.cpp, line 766]
Event: 0.645 Thread 0x00000153be58f5c0 Exception <a 'java/lang/NoSuchMethodError'{0x0000000090ec56b0}: 'java.lang.Object java.lang.invoke.DirectMethodHandle$Holder.invokeStaticInit(java.lang.Object, int, int, int, int)'> (0x0000000090ec56b0) 
thrown [t:\workspace\open\src\hotspot\share\interpreter\linkResolver.cpp, line 766]
Event: 0.735 Thread 0x00000153be58f5c0 Exception <a 'java/lang/NoSuchMethodError'{0x0000000090d384b0}: 'java.lang.Object java.lang.invoke.DirectMethodHandle$Holder.invokeStaticInit(java.lang.Object, java.lang.Object, int, int, int, int)'> (0x0000000090d384b0) 
thrown [t:\workspace\open\src\hotspot\share\interpreter\linkResolver.cpp, line 766]
Event: 0.756 Thread 0x00000153be58f5c0 Exception <a 'java/lang/NoSuchMethodError'{0x0000000090d43d10}: 'void java.lang.invoke.DirectMethodHandle$Holder.invokeStatic(java.lang.Object, long)'> (0x0000000090d43d10) 
thrown [t:\workspace\open\src\hotspot\share\interpreter\linkResolver.cpp, line 766]
Event: 0.757 Thread 0x00000153be58f5c0 Exception <a 'java/lang/NoSuchMethodError'{0x0000000090d492f0}: 'java.lang.Object java.lang.invoke.DirectMethodHandle$Holder.newInvokeSpecial(java.lang.Object, long)'> (0x0000000090d492f0) 
thrown [t:\workspace\open\src\hotspot\share\interpreter\linkResolver.cpp, line 766]
Event: 0.761 Thread 0x00000153be58f5c0 Exception <a 'java/lang/NoSuchMethodError'{0x0000000090d50548}: 'java.lang.Object java.lang.invoke.DirectMethodHandle$Holder.invokeStatic(java.lang.Object, java.lang.Object, long, java.lang.Object)'> (0x0000000090d50548) 
thrown [t:\workspace\open\src\hotspot\share\interpreter\linkResolver.cpp, line 766]
Event: 0.761 Thread 0x00000153be58f5c0 Exception <a 'java/lang/NoSuchMethodError'{0x0000000090d53fe0}: 'java.lang.Object java.lang.invoke.DirectMethodHandle$Holder.invokeStaticInit(java.lang.Object, java.lang.Object, long, java.lang.Object)'> (0x0000000090d53fe0) 
thrown [t:\workspace\open\src\hotspot\share\interpreter\linkResolver.cpp, line 766]
Event: 0.763 Thread 0x00000153be58f5c0 Exception <a 'java/lang/NoSuchMethodError'{0x0000000090d5a5a0}: 'java.lang.Object java.lang.invoke.DirectMethodHandle$Holder.newInvokeSpecial(java.lang.Object, java.lang.Object, long)'> (0x0000000090d5a5a0) 
thrown [t:\workspace\open\src\hotspot\share\interpreter\linkResolver.cpp, line 766]
Event: 0.764 Thread 0x00000153be58f5c0 Exception <a 'java/lang/NoSuchMethodError'{0x0000000090d5e110}: 'java.lang.Object java.lang.invoke.Invokers$Holder.linkToTargetMethod(java.lang.Object, long, java.lang.Object)'> (0x0000000090d5e110) 
thrown [t:\workspace\open\src\hotspot\share\interpreter\linkResolver.cpp, line 766]
Event: 0.945 Thread 0x00000153be58f5c0 Exception <a 'java/lang/NoSuchMethodError'{0x0000000090cc5718}: 'java.lang.Object java.lang.invoke.DirectMethodHandle$Holder.invokeInterface(java.lang.Object, java.lang.Object)'> (0x0000000090cc5718) 
thrown [t:\workspace\open\src\hotspot\share\interpreter\linkResolver.cpp, line 766]
Event: 0.945 Thread 0x00000153be58f5c0 Exception <a 'java/lang/IncompatibleClassChangeError'{0x0000000090cc8f10}: Found class java.lang.Object, but interface was expected> (0x0000000090cc8f10) 
thrown [t:\workspace\open\src\hotspot\share\interpreter\linkResolver.cpp, line 833]
Event: 4.226 Thread 0x00000153e301e9e0 Exception <a 'java/lang/NoSuchMethodError'{0x0000000090a05b90}: 'java.lang.Object java.lang.invoke.DirectMethodHandle$Holder.invokeStatic(java.lang.Object, float)'> (0x0000000090a05b90) 
thrown [t:\workspace\open\src\hotspot\share\interpreter\linkResolver.cpp, line 766]
Event: 4.251 Thread 0x00000153e301e9e0 Exception <a 'java/lang/NoSuchMethodError'{0x0000000090a50678}: 'int java.lang.invoke.DirectMethodHandle$Holder.invokeSpecial(java.lang.Object, java.lang.Object, java.lang.Object)'> (0x0000000090a50678) 
thrown [t:\workspace\open\src\hotspot\share\interpreter\linkResolver.cpp, line 766]

VM Operations (20 events):
Event: 11.484 Executing VM operation: Cleanup
Event: 11.484 Executing VM operation: Cleanup done
Event: 13.485 Executing VM operation: Cleanup
Event: 13.485 Executing VM operation: Cleanup done
Event: 15.486 Executing VM operation: Cleanup
Event: 15.486 Executing VM operation: Cleanup done
Event: 16.487 Executing VM operation: Cleanup
Event: 16.487 Executing VM operation: Cleanup done
Event: 20.493 Executing VM operation: Cleanup
Event: 20.501 Executing VM operation: Cleanup done
Event: 22.502 Executing VM operation: Cleanup
Event: 22.504 Executing VM operation: Cleanup done
Event: 23.504 Executing VM operation: Cleanup
Event: 23.504 Executing VM operation: Cleanup done
Event: 26.507 Executing VM operation: Cleanup
Event: 26.512 Executing VM operation: Cleanup done
Event: 27.512 Executing VM operation: Cleanup
Event: 27.513 Executing VM operation: Cleanup done
Event: 30.520 Executing VM operation: Cleanup
Event: 30.522 Executing VM operation: Cleanup done

Events (20 events):
Event: 4.441 loading class java/io/ObjectStreamClass$FieldReflectorKey
Event: 4.442 loading class java/io/ObjectStreamClass$FieldReflectorKey done
Event: 4.442 loading class java/io/ObjectStreamClass$FieldReflector
Event: 4.442 loading class java/io/ObjectStreamClass$FieldReflector done
Event: 4.442 loading class java/io/ObjectStreamClass$ExceptionInfo
Event: 4.442 loading class java/io/ObjectStreamClass$ExceptionInfo done
Event: 4.465 Thread 0x00000153e7394310 Thread added: 0x00000153e7394310
Event: 4.502 loading class java/util/regex/Pattern$LookBehindEndNode
Event: 4.502 loading class java/util/regex/Pattern$LookBehindEndNode done
Event: 4.502 loading class java/util/regex/Pattern$NotBehind
Event: 4.503 loading class java/util/regex/Pattern$NotBehind done
Event: 4.503 loading class java/util/regex/Pattern$Neg
Event: 4.503 loading class java/util/regex/Pattern$Neg done
Event: 4.504 loading class java/util/regex/Pattern$Pos
Event: 4.504 loading class java/util/regex/Pattern$Pos done
Event: 4.540 loading class java/util/regex/Pattern$SliceS
Event: 4.540 loading class java/util/regex/Pattern$SliceS done
Event: 4.847 loading class java/util/NoSuchElementException
Event: 4.847 loading class java/util/NoSuchElementException done
Event: 5.844 Thread 0x00000153e7394310 Thread exited: 0x00000153e7394310


Dynamic libraries:
0x00007ff69c010000 - 0x00007ff69c020000 	C:\Program Files\Java\jdk-17.0.1\bin\java.exe
0x00007ffb4dbf0000 - 0x00007ffb4dde5000 	C:\WINDOWS\SYSTEM32\ntdll.dll
0x00007ffb4daf0000 - 0x00007ffb4dbae000 	C:\WINDOWS\System32\KERNEL32.DLL
0x00007ffb4b540000 - 0x00007ffb4b808000 	C:\WINDOWS\System32\KERNELBASE.dll
0x00007ffb4bb50000 - 0x00007ffb4bc50000 	C:\WINDOWS\System32\ucrtbase.dll
0x00007ffb179a0000 - 0x00007ffb179ba000 	C:\Program Files\Java\jdk-17.0.1\bin\VCRUNTIME140.dll
0x00007ffb15290000 - 0x00007ffb152a8000 	C:\Program Files\Java\jdk-17.0.1\bin\jli.dll
0x00007ffb4d8a0000 - 0x00007ffb4d94e000 	C:\WINDOWS\System32\ADVAPI32.dll
0x00007ffb4da50000 - 0x00007ffb4daee000 	C:\WINDOWS\System32\msvcrt.dll
0x00007ffb4cd60000 - 0x00007ffb4cdfc000 	C:\WINDOWS\System32\sechost.dll
0x00007ffb4d770000 - 0x00007ffb4d895000 	C:\WINDOWS\System32\RPCRT4.dll
0x00007ffb4bd00000 - 0x00007ffb4bea0000 	C:\WINDOWS\System32\USER32.dll
0x00007ffb4b880000 - 0x00007ffb4b8a2000 	C:\WINDOWS\System32\win32u.dll
0x00007ffb3a8b0000 - 0x00007ffb3ab4a000 	C:\WINDOWS\WinSxS\amd64_microsoft.windows.common-controls_6595b64144ccf1df_6.0.19041.1110_none_60b5254171f9507e\COMCTL32.dll
0x00007ffb4cd30000 - 0x00007ffb4cd5a000 	C:\WINDOWS\System32\GDI32.dll
0x00007ffb4b960000 - 0x00007ffb4ba6b000 	C:\WINDOWS\System32\gdi32full.dll
0x00007ffb4b340000 - 0x00007ffb4b3dd000 	C:\WINDOWS\System32\msvcp_win.dll
0x00007ffb42580000 - 0x00007ffb4258a000 	C:\WINDOWS\SYSTEM32\VERSION.dll
0x00007ffb4cca0000 - 0x00007ffb4ccd0000 	C:\WINDOWS\System32\IMM32.DLL
0x00007ffb3a7a0000 - 0x00007ffb3a7ac000 	C:\Program Files\Java\jdk-17.0.1\bin\vcruntime140_1.dll
0x00007ffb11b40000 - 0x00007ffb11bcd000 	C:\Program Files\Java\jdk-17.0.1\bin\msvcp140.dll
0x00007ffaea0f0000 - 0x00007ffaeacae000 	C:\Program Files\Java\jdk-17.0.1\bin\server\jvm.dll
0x00007ffb4c410000 - 0x00007ffb4c418000 	C:\WINDOWS\System32\PSAPI.DLL
0x00007ffb412c0000 - 0x00007ffb412e7000 	C:\WINDOWS\SYSTEM32\WINMM.dll
0x00007ffb31840000 - 0x00007ffb31849000 	C:\WINDOWS\SYSTEM32\WSOCK32.dll
0x00007ffb4cfe0000 - 0x00007ffb4d04b000 	C:\WINDOWS\System32\WS2_32.dll
0x00007ffb49bc0000 - 0x00007ffb49bd2000 	C:\WINDOWS\SYSTEM32\kernel.appcore.dll
0x00007ffb39080000 - 0x00007ffb3908a000 	C:\Program Files\Java\jdk-17.0.1\bin\jimage.dll
0x00007ffb49210000 - 0x00007ffb493f4000 	C:\WINDOWS\SYSTEM32\DBGHELP.DLL
0x00007ffb34010000 - 0x00007ffb3403c000 	C:\WINDOWS\SYSTEM32\dbgcore.DLL
0x00007ffb4ba70000 - 0x00007ffb4baf2000 	C:\WINDOWS\System32\bcryptPrimitives.dll
0x00007ffb13960000 - 0x00007ffb1399b000 	C:\Program Files\Java\jdk-17.0.1\bin\jdwp.dll
0x00007ffb12250000 - 0x00007ffb12275000 	C:\Program Files\Java\jdk-17.0.1\bin\java.dll
0x00007ffb06690000 - 0x00007ffb06766000 	C:\Program Files\Java\jdk-17.0.1\bin\svml.dll
0x00007ffb4c540000 - 0x00007ffb4cc84000 	C:\WINDOWS\System32\SHELL32.dll
0x00007ffb49410000 - 0x00007ffb49ba4000 	C:\WINDOWS\SYSTEM32\windows.storage.dll
0x00007ffb4bea0000 - 0x00007ffb4c1f4000 	C:\WINDOWS\System32\combase.dll
0x00007ffb4ad10000 - 0x00007ffb4ad3c000 	C:\WINDOWS\SYSTEM32\Wldp.dll
0x00007ffb4ce00000 - 0x00007ffb4cead000 	C:\WINDOWS\System32\SHCORE.dll
0x00007ffb4c3b0000 - 0x00007ffb4c405000 	C:\WINDOWS\System32\shlwapi.dll
0x00007ffb4b250000 - 0x00007ffb4b26f000 	C:\WINDOWS\SYSTEM32\profapi.dll
0x00007ffb2d1c0000 - 0x00007ffb2d1cc000 	C:\Program Files\Java\jdk-17.0.1\bin\dt_socket.dll
0x00007ffb4a700000 - 0x00007ffb4a73b000 	C:\WINDOWS\SYSTEM32\IPHLPAPI.DLL
0x00007ffb4aa70000 - 0x00007ffb4aada000 	C:\WINDOWS\system32\mswsock.dll
0x00007ffb4a740000 - 0x00007ffb4a80b000 	C:\WINDOWS\SYSTEM32\DNSAPI.dll
0x00007ffb4cc90000 - 0x00007ffb4cc98000 	C:\WINDOWS\System32\NSI.dll
0x00007ffb3c2f0000 - 0x00007ffb3c2fa000 	C:\Windows\System32\rasadhlp.dll
0x00007ffb3c010000 - 0x00007ffb3c08f000 	C:\WINDOWS\System32\fwpuclnt.dll
0x00007ffb4b310000 - 0x00007ffb4b337000 	C:\WINDOWS\System32\bcrypt.dll
0x00007ffb15270000 - 0x00007ffb15289000 	C:\Program Files\Java\jdk-17.0.1\bin\net.dll
0x00007ffb3c910000 - 0x00007ffb3ca1a000 	C:\WINDOWS\SYSTEM32\WINHTTP.dll
0x00007ffb12230000 - 0x00007ffb12245000 	C:\Program Files\Java\jdk-17.0.1\bin\nio.dll
0x00007ffb11e70000 - 0x00007ffb11e88000 	C:\Program Files\Java\jdk-17.0.1\bin\zip.dll
0x00007ffaff7c0000 - 0x00007ffaff94f000 	C:\Program Files\Java\jdk-17.0.1\bin\awt.dll
0x00007ffb4ceb0000 - 0x00007ffb4cf7d000 	C:\WINDOWS\System32\OLEAUT32.dll
0x00007ffb488c0000 - 0x00007ffb48950000 	C:\WINDOWS\SYSTEM32\apphelp.dll
0x00007ffb48a90000 - 0x00007ffb48b2e000 	C:\WINDOWS\system32\uxtheme.dll
0x00007ffb4c420000 - 0x00007ffb4c535000 	C:\WINDOWS\System32\MSCTF.dll
0x00007ffb4d130000 - 0x00007ffb4d25a000 	C:\WINDOWS\System32\ole32.dll
0x00007ffb48c80000 - 0x00007ffb48caf000 	C:\WINDOWS\system32\DWMAPI.DLL
0x00007ffaf9c10000 - 0x00007ffaf9d36000 	C:\WINDOWS\system32\opengl32.dll
0x00007ffb11cb0000 - 0x00007ffb11cdc000 	C:\WINDOWS\SYSTEM32\GLU32.dll
0x00007ffb434d0000 - 0x00007ffb4369f000 	C:\WINDOWS\system32\d3d9.dll
0x00007ffb412f0000 - 0x00007ffb414cb000 	C:\WINDOWS\System32\DriverStore\FileRepository\u0357176.inf_amd64_828ff99cacd4aa89\B356563\aticfx64.dll
0x00007ffb44f90000 - 0x00007ffb44fc3000 	C:\WINDOWS\System32\DriverStore\FileRepository\u0357176.inf_amd64_828ff99cacd4aa89\B356563\atiu9p64.dll
0x00007ffaf5550000 - 0x00007ffaf61e6000 	C:\WINDOWS\System32\DriverStore\FileRepository\u0357176.inf_amd64_828ff99cacd4aa89\B356563\atiumd64.dll
0x00000000768f0000 - 0x000000007776d000 	C:\WINDOWS\System32\DriverStore\FileRepository\u0357176.inf_amd64_828ff99cacd4aa89\B356563\atiumd6a.dll
0x00007ffb4aeb0000 - 0x00007ffb4aefb000 	C:\WINDOWS\SYSTEM32\POWRPROF.dll
0x00007ffb4adb0000 - 0x00007ffb4adc2000 	C:\WINDOWS\SYSTEM32\UMPDC.dll
0x00007ffb41230000 - 0x00007ffb4125f000 	C:\WINDOWS\SYSTEM32\amdihk64.dll
0x00007ffb41630000 - 0x00007ffb4166b000 	C:\WINDOWS\SYSTEM32\dxcore.dll
0x00007ffb4bb00000 - 0x00007ffb4bb4e000 	C:\WINDOWS\System32\cfgmgr32.dll
0x00007ffb4ac70000 - 0x00007ffb4ac88000 	C:\WINDOWS\SYSTEM32\CRYPTSP.dll
0x00007ffb4a390000 - 0x00007ffb4a3c4000 	C:\WINDOWS\system32\rsaenh.dll
0x00007ffb4b1d0000 - 0x00007ffb4b1fe000 	C:\WINDOWS\SYSTEM32\USERENV.dll
0x00007ffb4ac60000 - 0x00007ffb4ac6c000 	C:\WINDOWS\SYSTEM32\CRYPTBASE.dll
0x00007ffb42da0000 - 0x00007ffb42db7000 	C:\WINDOWS\SYSTEM32\dhcpcsvc6.DLL
0x00007ffb42d80000 - 0x00007ffb42d9d000 	C:\WINDOWS\SYSTEM32\dhcpcsvc.DLL
0x000000006e8c0000 - 0x000000006e8cd000 	C:\Users\johnl\AppData\Local\Temp\jogamp_0000\file_cache\jln17401427791444766567\jln17662535699586951894\natives\windows-amd64\gluegen_rt.dll
0x00007ffb28180000 - 0x00007ffb28187000 	C:\Program Files\Java\jdk-17.0.1\bin\jawt.dll
0x000000006a440000 - 0x000000006a44d000 	C:\Users\johnl\AppData\Local\Temp\jogamp_0000\file_cache\jln17401427791444766567\jln17662535699586951894\natives\windows-amd64\nativewindow_awt.dll
0x000000006c100000 - 0x000000006c110000 	C:\Users\johnl\AppData\Local\Temp\jogamp_0000\file_cache\jln17401427791444766567\jln17662535699586951894\natives\windows-amd64\nativewindow_win32.dll
0x0000000070d80000 - 0x0000000070d93000 	C:\Users\johnl\AppData\Local\Temp\jogamp_0000\file_cache\jln17401427791444766567\jln17662535699586951894\natives\windows-amd64\newt_head.dll
0x00007ffb45770000 - 0x00007ffb4581e000 	C:\WINDOWS\SYSTEM32\mscms.dll
0x00007ffb45620000 - 0x00007ffb45631000 	C:\WINDOWS\SYSTEM32\ColorAdapterClient.dll
0x00007ffb12140000 - 0x00007ffb12183000 	C:\WINDOWS\SYSTEM32\icm32.dll
0x00007ffb4d260000 - 0x00007ffb4d6ca000 	C:\WINDOWS\System32\setupapi.dll
0x00007ffb4b0c0000 - 0x00007ffb4b0ec000 	C:\WINDOWS\SYSTEM32\DEVOBJ.dll
0x00007ffb4b810000 - 0x00007ffb4b878000 	C:\WINDOWS\System32\WINTRUST.dll
0x00007ffb4b3e0000 - 0x00007ffb4b536000 	C:\WINDOWS\System32\CRYPT32.dll
0x00007ffb4af00000 - 0x00007ffb4af12000 	C:\WINDOWS\SYSTEM32\MSASN1.dll
0x0000000064500000 - 0x0000000064585000 	C:\Users\johnl\AppData\Local\Temp\jogamp_0000\file_cache\jln17401427791444766567\jln17662535699586951894\natives\windows-amd64\jogl_desktop.dll
0x0000000064340000 - 0x0000000064391000 	C:\Users\johnl\AppData\Local\Temp\jogamp_0000\file_cache\jln17401427791444766567\jln17662535699586951894\natives\windows-amd64\jogl_mobile.dll
0x00007ffb4bc50000 - 0x00007ffb4bcf9000 	C:\WINDOWS\System32\clbcatq.dll
0x00007ffb43f70000 - 0x00007ffb44067000 	C:\Windows\System32\AppXDeploymentClient.dll
0x00007ffb13dd0000 - 0x00007ffb13dfa000 	C:\WINDOWS\System32\DriverStore\FileRepository\u0357176.inf_amd64_828ff99cacd4aa89\B356563\atig6pxx.dll
0x00007ffae4170000 - 0x00007ffae6e56000 	C:\WINDOWS\System32\DriverStore\FileRepository\u0357176.inf_amd64_828ff99cacd4aa89\B356563\atio6axx.dll
0x00007ffb18400000 - 0x00007ffb18424000 	C:\WINDOWS\SYSTEM32\dxva2.dll
0x00007ffb13d90000 - 0x00007ffb13dcc000 	C:\WINDOWS\System32\DriverStore\FileRepository\u0357176.inf_amd64_828ff99cacd4aa89\B356563\atig6txx.dll
0x00007ffafb310000 - 0x00007ffafb4c9000 	C:\WINDOWS\SYSTEM32\atiadlxx.dll
0x00007ffb46c20000 - 0x00007ffb46d16000 	C:\WINDOWS\SYSTEM32\PROPSYS.dll
0x00007ffb3e850000 - 0x00007ffb3e949000 	C:\WINDOWS\SYSTEM32\textinputframework.dll
0x00007ffb48240000 - 0x00007ffb4859e000 	C:\WINDOWS\System32\CoreUIComponents.dll
0x00007ffb485a0000 - 0x00007ffb48692000 	C:\WINDOWS\System32\CoreMessaging.dll
0x00007ffb46ee0000 - 0x00007ffb47034000 	C:\WINDOWS\SYSTEM32\wintypes.dll
0x00007ffb4a020000 - 0x00007ffb4a053000 	C:\WINDOWS\SYSTEM32\ntmarta.dll
0x00007ffb45440000 - 0x00007ffb45450000 	C:\Program Files\Java\jdk-17.0.1\bin\verify.dll
0x00007ffb3c3f0000 - 0x00007ffb3c401000 	C:\Program Files\Java\jdk-17.0.1\bin\jsound.dll
0x00007ffb10980000 - 0x00007ffb10a1c000 	C:\WINDOWS\SYSTEM32\DSOUND.dll
0x00007ffb375d0000 - 0x00007ffb375f6000 	C:\WINDOWS\SYSTEM32\winmmbase.dll
0x00007ffb43290000 - 0x00007ffb43315000 	C:\WINDOWS\System32\MMDevApi.dll
0x00007ffb0a1b0000 - 0x00007ffb0a1f6000 	C:\WINDOWS\SYSTEM32\wdmaud.drv
0x00007ffb46ba0000 - 0x00007ffb46ba9000 	C:\WINDOWS\SYSTEM32\ksuser.dll
0x00007ffb45fb0000 - 0x00007ffb45fba000 	C:\WINDOWS\SYSTEM32\AVRT.dll
0x00007ffb43320000 - 0x00007ffb434a2000 	C:\WINDOWS\SYSTEM32\AUDIOSES.DLL
0x00007ffb22aa0000 - 0x00007ffb22aad000 	C:\WINDOWS\SYSTEM32\msacm32.drv
0x00007ffb1ca20000 - 0x00007ffb1ca3e000 	C:\WINDOWS\SYSTEM32\MSACM32.dll
0x00007ffb221d0000 - 0x00007ffb221db000 	C:\WINDOWS\SYSTEM32\midimap.dll
0x00007ffb3d250000 - 0x00007ffb3d391000 	C:\Windows\System32\Windows.UI.dll
0x00007ffb45380000 - 0x00007ffb45421000 	C:\Windows\System32\WindowManagementAPI.dll
0x00007ffb3cad0000 - 0x00007ffb3cc22000 	C:\Windows\System32\InputHost.dll
0x00007ffb45d60000 - 0x00007ffb45f61000 	C:\WINDOWS\SYSTEM32\twinapi.appcore.dll
0x00007ffb48b80000 - 0x00007ffb48b94000 	C:\WINDOWS\SYSTEM32\resourcepolicyclient.dll
0x00007ffaf6f10000 - 0x00007ffaf70e9000 	C:\Users\johnl\AppData\Local\Discord\app-1.0.9004\modules\discord_hook-1\discord_hook\651ad00fcd2\DiscordHook64.dll
0x00007ffb49c30000 - 0x00007ffb49d23000 	C:\WINDOWS\SYSTEM32\dxgi.dll
0x00007ffb47600000 - 0x00007ffb47864000 	C:\WINDOWS\SYSTEM32\d3d11.dll
0x00007ffb41280000 - 0x00007ffb412b8000 	C:\WINDOWS\System32\DriverStore\FileRepository\u0357176.inf_amd64_828ff99cacd4aa89\B356563\atiuxp64.dll
0x00007ffb3f910000 - 0x00007ffb41210000 	C:\WINDOWS\System32\DriverStore\FileRepository\u0357176.inf_amd64_828ff99cacd4aa89\B356563\atidxx64.dll

dbghelp: loaded successfully - version: 4.0.5 - missing functions: none
symbol engine: initialized successfully - sym options: 0x614 - pdb path: .;C:\Program Files\Java\jdk-17.0.1\bin;C:\WINDOWS\SYSTEM32;C:\WINDOWS\WinSxS\amd64_microsoft.windows.common-controls_6595b64144ccf1df_6.0.19041.1110_none_60b5254171f9507e;C:\Program Files\Java\jdk-17.0.1\bin\server;C:\WINDOWS\System32\DriverStore\FileRepository\u0357176.inf_amd64_828ff99cacd4aa89\B356563;C:\Users\johnl\AppData\Local\Temp\jogamp_0000\file_cache\jln17401427791444766567\jln17662535699586951894\natives\windows-amd64;C:\Users\johnl\AppData\Local\Discord\app-1.0.9004\modules\discord_hook-1\discord_hook\651ad00fcd2

VM Arguments:
jvm_args: -agentlib:jdwp=transport=dt_socket,server=n,suspend=y,address=localhost:53863 -XX:+ShowCodeDetailsInExceptionMessages 
java_command: ie.tudublin.Main
java_class_path (initial): C:\OOP ASSIGNMENT\OOP-Assignment\java\bin;C:\OOP ASSIGNMENT\OOP-Assignment\java\lib\core.jar;C:\OOP ASSIGNMENT\OOP-Assignment\java\lib\jl1.0.1.jar;C:\OOP ASSIGNMENT\OOP-Assignment\java\lib\jsminim.jar;C:\OOP ASSIGNMENT\OOP-Assignment\java\lib\minim.jar;C:\OOP ASSIGNMENT\OOP-Assignment\java\lib\mp3spi1.9.5.jar;C:\OOP ASSIGNMENT\OOP-Assignment\java\lib\sqlite-jdbc-3.23.1.jar;C:\OOP ASSIGNMENT\OOP-Assignment\java\lib\tritonus_aos.jar;C:\OOP ASSIGNMENT\OOP-Assignment\java\lib\tritonus_share.jar;C:\OOP ASSIGNMENT\OOP-Assignment\java\lib\jogl-all.jar;C:\OOP ASSIGNMENT\OOP-Assignment\java\lib\gluegen-rt.jar;C:\OOP ASSIGNMENT\OOP-Assignment\java\lib\gluegen-rt-natives-windows-amd64.jar;C:\OOP ASSIGNMENT\OOP-Assignment\java\lib\gluegen-rt-natives-windows-i586.jar;C:\OOP ASSIGNMENT\OOP-Assignment\java\lib\jogl-all-natives-windows-amd64.jar;C:\OOP ASSIGNMENT\OOP-Assignment\java\lib\jogl-all-natives-windows-i586.jar;C:\OOP ASSIGNMENT\OOP-Assignment\java\lib\gluegen-rt-natives-macosx-universal.jar;C:\OOP ASSIGNMENT\OOP-Assignment\java\lib\jogl-all-natives-macosx-universal.jar
Launcher Type: SUN_STANDARD

[Global flags]
     intx CICompilerCount                          = 4                                         {product} {ergonomic}
     uint ConcGCThreads                            = 3                                         {product} {ergonomic}
     uint G1ConcRefinementThreads                  = 10                                        {product} {ergonomic}
   size_t G1HeapRegionSize                         = 1048576                                   {product} {ergonomic}
    uintx GCDrainStackTargetSize                   = 64                                        {product} {ergonomic}
   size_t InitialHeapSize                          = 123731968                                 {product} {ergonomic}
   size_t MarkStackSize                            = 4194304                                   {product} {ergonomic}
   size_t MaxHeapSize                              = 1979711488                                {product} {ergonomic}
   size_t MaxNewSize                               = 1186988032                                {product} {ergonomic}
   size_t MinHeapDeltaBytes                        = 1048576                                   {product} {ergonomic}
   size_t MinHeapSize                              = 8388608                                   {product} {ergonomic}
    uintx NonNMethodCodeHeapSize                   = 5839372                                {pd product} {ergonomic}
    uintx NonProfiledCodeHeapSize                  = 122909434                              {pd product} {ergonomic}
    uintx ProfiledCodeHeapSize                     = 122909434                              {pd product} {ergonomic}
    uintx ReservedCodeCacheSize                    = 251658240                              {pd product} {ergonomic}
     bool SegmentedCodeCache                       = true                                      {product} {ergonomic}
     bool ShowCodeDetailsInExceptionMessages       = true                                   {manageable} {command line}
   size_t SoftMaxHeapSize                          = 1979711488                             {manageable} {ergonomic}
     bool UseCompressedClassPointers               = true                           {product lp64_product} {ergonomic}
     bool UseCompressedOops                        = true                           {product lp64_product} {ergonomic}
     bool UseG1GC                                  = true                                      {product} {ergonomic}
     bool UseLargePagesIndividualAllocation        = false                                  {pd product} {ergonomic}

Logging:
Log output configuration:
 #0: stdout all=warning uptime,level,tags
 #1: stderr all=off uptime,level,tags

Environment Variables:
PATH=C:\Program Files\Common Files\Oracle\Java\javapath;C:\Program Files (x86)\Common Files\Oracle\Java\javapath;C:\app\johnl\product\18.0.0\dbhomeXE\bin;C:\Windows\system32;C:\Windows;C:\Windows\System32\Wbem;C:\Windows\System32\WindowsPowerShell\v1.0\;C:\Windows\System32\OpenSSH\;C:\Program Files (x86)\NVIDIA Corporation\PhysX\Common;C:\Program Files\NVIDIA Corporation\NVIDIA NvDLISR;C:\WINDOWS\system32;C:\WINDOWS;C:\WINDOWS\System32\Wbem;C:\WINDOWS\System32\WindowsPowerShell\v1.0\;C:\WINDOWS\System32\OpenSSH\;C:\Program Files\Git\cmd;C:\app\johnl\product\18.0.0\dbhomeXE\bin;C:\Windows\system32;C:\Windows;C:\Windows\System32\Wbem;C:\Windows\System32\WindowsPowerShell\v1.0\;C:\Windows\System32\OpenSSH\;C:\Program Files (x86)\NVIDIA Corporation\PhysX\Common;C:\Program Files\NVIDIA Corporation\NVIDIA NvDLISR;C:\Users\johnl\AppData\Local\Microsoft\WindowsApps;;C:\Program Files\JetBrains\PyCharm Community Edition 2021.2.2\bin;C:\MINGW\bin;C:\Users\johnl\AppData\Local\Microsoft\WindowsApps;C:\Users\johnl\AppData\Local\Programs\Microsoft VS Code\bin
USERNAME=johnl
LANG=en_GB.UTF-8
OS=Windows_NT
PROCESSOR_IDENTIFIER=AMD64 Family 23 Model 96 Stepping 1, AuthenticAMD



---------------  S Y S T E M  ---------------

OS:
 Windows 10 , 64 bit Build 19041 (10.0.19041.1645)
OS uptime: 1 days 7:59 hours

CPU: total 12 (initial active 12) (12 cores per cpu, 2 threads per core) family 23 model 96 stepping 1 microcode 0x0, cx8, cmov, fxsr, ht, mmx, 3dnowpref, sse, sse2, sse3, ssse3, sse4a, sse4.1, sse4.2, popcnt, lzcnt, tsc, tscinvbit, avx, avx2, aes, clmul, bmi1, bmi2, adx, sha, fma, vzeroupper, clflush, clflushopt

Memory: 4k page, system-wide physical 7549M (256M free)
TotalPageFile size 20392M (AvailPageFile size 2246M)
current process WorkingSet (physical memory assigned to process): 370M, peak: 596M
current process commit charge ("private bytes"): 3613M, peak: 3613M

vm_info: Java HotSpot(TM) 64-Bit Server VM (17.0.1+12-LTS-39) for windows-amd64 JRE (17.0.1+12-LTS-39), built on Sep 27 2021 18:41:35 by "mach5one" with MS VC++ 16.8 (VS2019)

END.
